#
# There is insufficient memory for the Java Runtime Environment to continue.
# Native memory allocation (malloc) failed to allocate 1763536 bytes for Chunk::new
# Possible reasons:
#   The system is out of physical RAM or swap space
#   The process is running with CompressedOops enabled, and the Java Heap may be blocking the growth of the native heap
# Possible solutions:
#   Reduce memory load on the system
#   Increase physical memory or swap space
#   Check if swap backing store is full
#   Decrease Java heap size (-Xmx/-Xms)
#   Decrease number of Java threads
#   Decrease Java thread stack sizes (-Xss)
#   Set larger code cache with -XX:ReservedCodeCacheSize=
#   JVM is running with Zero Based Compressed Oops mode in which the Java heap is
#     placed in the first 32GB address space. The Java Heap base address is the
#     maximum limit for the native heap growth. Please use -XX:HeapBaseMinAddress
#     to set the Java Heap base and to place the Java Heap above 32GB virtual address.
# This output file may be truncated or incomplete.
#
#  Out of Memory Error (arena.cpp:189), pid=660, tid=13820
#
# JRE version: Java(TM) SE Runtime Environment (17.0.9+11) (build 17.0.9+11-LTS-201)
# Java VM: Java HotSpot(TM) 64-Bit Server VM (17.0.9+11-LTS-201, mixed mode, sharing, tiered, compressed oops, compressed class ptrs, g1 gc, windows-amd64)
# No core dump will be written. Minidumps are not enabled by default on client versions of Windows
#

---------------  S U M M A R Y ------------

Command Line: -javaagent:C:\Program Files\JetBrains\IntelliJ IDEA Community Edition 2022.2.2\lib\idea_rt.jar=49226:C:\Program Files\JetBrains\IntelliJ IDEA Community Edition 2022.2.2\bin -Dfile.encoding=UTF-8 com.majortomdev.order.OrderApplication

Host: Intel(R) Core(TM) i7-2720QM CPU @ 2.20GHz, 8 cores, 23G,  Windows 10 , 64 bit Build 19041 (10.0.19041.3636)
Time: Fri Apr 12 19:06:58 2024 GMT Summer Time elapsed time: 3.233737 seconds (0d 0h 0m 3s)

---------------  T H R E A D  ---------------

Current thread (0x00000186bb5b7520):  JavaThread "C2 CompilerThread0" daemon [_thread_in_native, id=13820, stack(0x0000000fc0300000,0x0000000fc0400000)]


Current CompileTask:
C2:   3233 2629   !   4       jdk.internal.loader.BuiltinClassLoader::loadClassOrNull (143 bytes)

Stack: [0x0000000fc0300000,0x0000000fc0400000]
Native frames: (J=compiled Java code, j=interpreted, Vv=VM code, C=native code)
V  [jvm.dll+0x678a4a]
V  [jvm.dll+0x7d9cfd]
V  [jvm.dll+0x7db60e]
V  [jvm.dll+0x7dbc73]
V  [jvm.dll+0x245e1f]
V  [jvm.dll+0xaaafb]
V  [jvm.dll+0xab09c]
V  [jvm.dll+0x36237e]
V  [jvm.dll+0x32ca01]
V  [jvm.dll+0x32be9a]
V  [jvm.dll+0x21812f]
V  [jvm.dll+0x217561]
V  [jvm.dll+0x1a3bc0]
V  [jvm.dll+0x2272de]
V  [jvm.dll+0x22548b]
V  [jvm.dll+0x78f58c]
V  [jvm.dll+0x78998a]
V  [jvm.dll+0x677875]
C  [ucrtbase.dll+0x21bb2]
C  [KERNEL32.DLL+0x17344]
C  [ntdll.dll+0x526b1]


---------------  P R O C E S S  ---------------

Threads class SMR info:
_java_thread_list=0x00000187140110d0, length=15, elements={
0x00000186a4877e60, 0x00000186bb58cea0, 0x00000186bb58ec40, 0x00000186bb59f550,
0x00000186bb5a1030, 0x00000186bb5a4a20, 0x00000186bb5a5700, 0x00000186bb5b7520,
0x00000186bb5b7ee0, 0x00000186bb5c2fd0, 0x00000186cc1c9690, 0x00000186cc3fe860,
0x00000186cc3fed40, 0x00000187124c1830, 0x0000018713433240
}

Java Threads: ( => current thread )
  0x00000186a4877e60 JavaThread "main" [_thread_in_vm, id=23336, stack(0x0000000fbf600000,0x0000000fbf700000)]
  0x00000186bb58cea0 JavaThread "Reference Handler" daemon [_thread_blocked, id=2568, stack(0x0000000fbfd00000,0x0000000fbfe00000)]
  0x00000186bb58ec40 JavaThread "Finalizer" daemon [_thread_blocked, id=10620, stack(0x0000000fbfe00000,0x0000000fbff00000)]
  0x00000186bb59f550 JavaThread "Signal Dispatcher" daemon [_thread_blocked, id=5272, stack(0x0000000fbff00000,0x0000000fc0000000)]
  0x00000186bb5a1030 JavaThread "Attach Listener" daemon [_thread_blocked, id=9180, stack(0x0000000fc0000000,0x0000000fc0100000)]
  0x00000186bb5a4a20 JavaThread "Service Thread" daemon [_thread_blocked, id=21376, stack(0x0000000fc0100000,0x0000000fc0200000)]
  0x00000186bb5a5700 JavaThread "Monitor Deflation Thread" daemon [_thread_blocked, id=19852, stack(0x0000000fc0200000,0x0000000fc0300000)]
=>0x00000186bb5b7520 JavaThread "C2 CompilerThread0" daemon [_thread_in_native, id=13820, stack(0x0000000fc0300000,0x0000000fc0400000)]
  0x00000186bb5b7ee0 JavaThread "C1 CompilerThread0" daemon [_thread_blocked, id=9468, stack(0x0000000fc0400000,0x0000000fc0500000)]
  0x00000186bb5c2fd0 JavaThread "Sweeper thread" daemon [_thread_blocked, id=19596, stack(0x0000000fc0500000,0x0000000fc0600000)]
  0x00000186cc1c9690 JavaThread "Common-Cleaner" daemon [_thread_blocked, id=3044, stack(0x0000000fc0600000,0x0000000fc0700000)]
  0x00000186cc3fe860 JavaThread "Monitor Ctrl-Break" daemon [_thread_in_native, id=17548, stack(0x0000000fc0800000,0x0000000fc0900000)]
  0x00000186cc3fed40 JavaThread "Notification Thread" daemon [_thread_blocked, id=17200, stack(0x0000000fc0900000,0x0000000fc0a00000)]
  0x00000187124c1830 JavaThread "C2 CompilerThread1" daemon [_thread_blocked, id=11180, stack(0x0000000fc1200000,0x0000000fc1300000)]
  0x0000018713433240 JavaThread "C2 CompilerThread2" daemon [_thread_blocked, id=15040, stack(0x0000000fc1300000,0x0000000fc1400000)]

Other Threads:
  0x00000186bb588f80 VMThread "VM Thread" [stack: 0x0000000fbfc00000,0x0000000fbfd00000] [id=17140]
  0x00000186a48bae50 WatcherThread [stack: 0x0000000fc0a00000,0x0000000fc0b00000] [id=21128]
  0x00000186a489ded0 GCTaskThread "GC Thread#0" [stack: 0x0000000fbf700000,0x0000000fbf800000] [id=14324]
  0x00000187120cec00 GCTaskThread "GC Thread#1" [stack: 0x0000000fc0b00000,0x0000000fc0c00000] [id=19476]
  0x00000187120ceec0 GCTaskThread "GC Thread#2" [stack: 0x0000000fc0c00000,0x0000000fc0d00000] [id=14264]
  0x00000187120cf180 GCTaskThread "GC Thread#3" [stack: 0x0000000fc0d00000,0x0000000fc0e00000] [id=16840]
  0x0000018712266280 GCTaskThread "GC Thread#4" [stack: 0x0000000fc0e00000,0x0000000fc0f00000] [id=11212]
  0x0000018712266540 GCTaskThread "GC Thread#5" [stack: 0x0000000fc0f00000,0x0000000fc1000000] [id=13264]
  0x00000187123c3900 GCTaskThread "GC Thread#6" [stack: 0x0000000fc1000000,0x0000000fc1100000] [id=11740]
  0x00000187120ce450 GCTaskThread "GC Thread#7" [stack: 0x0000000fc1100000,0x0000000fc1200000] [id=18788]
  0x00000186a48ac930 ConcurrentGCThread "G1 Main Marker" [stack: 0x0000000fbf800000,0x0000000fbf900000] [id=17940]
  0x00000186a48afa10 ConcurrentGCThread "G1 Conc#0" [stack: 0x0000000fbf900000,0x0000000fbfa00000] [id=17848]
  0x00000186a48ce160 ConcurrentGCThread "G1 Refine#0" [stack: 0x0000000fbfa00000,0x0000000fbfb00000] [id=20176]
  0x00000186a48ceaa0 ConcurrentGCThread "G1 Service" [stack: 0x0000000fbfb00000,0x0000000fbfc00000] [id=18148]

Threads with active compile tasks:
C2 CompilerThread0     3307 2629   !   4       jdk.internal.loader.BuiltinClassLoader::loadClassOrNull (143 bytes)

VM state: not at safepoint (normal execution)

VM Mutex/Monitor currently owned by a thread: None

Heap address: 0x0000000683800000, size: 6088 MB, Compressed Oops mode: Zero based, Oop shift amount: 3

CDS archive(s) mapped at: [0x00000186cd000000-0x00000186cdbd0000-0x00000186cdbd0000), size 12386304, SharedBaseAddress: 0x00000186cd000000, ArchiveRelocationMode: 1.
Compressed class space mapped at: 0x00000186ce000000-0x000001870e000000, reserved size: 1073741824
Narrow klass base: 0x00000186cd000000, Narrow klass shift: 0, Narrow klass range: 0x100000000

GC Precious Log:
 CPUs: 8 total, 8 available
 Memory: 24351M
 Large Page Support: Disabled
 NUMA Support: Disabled
 Compressed Oops: Enabled (Zero based)
 Heap Region Size: 4M
 Heap Min Capacity: 8M
 Heap Initial Capacity: 384M
 Heap Max Capacity: 6088M
 Pre-touch: Disabled
 Parallel Workers: 8
 Concurrent Workers: 2
 Concurrent Refinement Workers: 8
 Periodic GC: Disabled

Heap:
 garbage-first heap   total 393216K, used 39654K [0x0000000683800000, 0x0000000800000000)
  region size 4096K, 10 young (40960K), 2 survivors (8192K)
 Metaspace       used 20099K, committed 20416K, reserved 1114112K
  class space    used 2474K, committed 2624K, reserved 1048576K

Heap Regions: E=young(eden), S=young(survivor), O=old, HS=humongous(starts), HC=humongous(continues), CS=collection set, F=free, OA=open archive, CA=closed archive, TAMS=top-at-mark-start (previous, next)
|   0|0x0000000683800000, 0x0000000683c00000, 0x0000000683c00000|100%| O|  |TAMS 0x0000000683800000, 0x0000000683800000| Untracked 
|   1|0x0000000683c00000, 0x0000000683e6a200, 0x0000000684000000| 60%| O|  |TAMS 0x0000000683c00000, 0x0000000683c00000| Untracked 
|   2|0x0000000684000000, 0x0000000684000000, 0x0000000684400000|  0%| F|  |TAMS 0x0000000684000000, 0x0000000684000000| Untracked 
|   3|0x0000000684400000, 0x0000000684400000, 0x0000000684800000|  0%| F|  |TAMS 0x0000000684400000, 0x0000000684400000| Untracked 
|   4|0x0000000684800000, 0x0000000684800000, 0x0000000684c00000|  0%| F|  |TAMS 0x0000000684800000, 0x0000000684800000| Untracked 
|   5|0x0000000684c00000, 0x0000000684c00000, 0x0000000685000000|  0%| F|  |TAMS 0x0000000684c00000, 0x0000000684c00000| Untracked 
|   6|0x0000000685000000, 0x0000000685000000, 0x0000000685400000|  0%| F|  |TAMS 0x0000000685000000, 0x0000000685000000| Untracked 
|   7|0x0000000685400000, 0x0000000685400000, 0x0000000685800000|  0%| F|  |TAMS 0x0000000685400000, 0x0000000685400000| Untracked 
|   8|0x0000000685800000, 0x0000000685800000, 0x0000000685c00000|  0%| F|  |TAMS 0x0000000685800000, 0x0000000685800000| Untracked 
|   9|0x0000000685c00000, 0x0000000685c00000, 0x0000000686000000|  0%| F|  |TAMS 0x0000000685c00000, 0x0000000685c00000| Untracked 
|  10|0x0000000686000000, 0x0000000686000000, 0x0000000686400000|  0%| F|  |TAMS 0x0000000686000000, 0x0000000686000000| Untracked 
|  11|0x0000000686400000, 0x0000000686400000, 0x0000000686800000|  0%| F|  |TAMS 0x0000000686400000, 0x0000000686400000| Untracked 
|  12|0x0000000686800000, 0x0000000686800000, 0x0000000686c00000|  0%| F|  |TAMS 0x0000000686800000, 0x0000000686800000| Untracked 
|  13|0x0000000686c00000, 0x0000000686c00000, 0x0000000687000000|  0%| F|  |TAMS 0x0000000686c00000, 0x0000000686c00000| Untracked 
|  14|0x0000000687000000, 0x0000000687000000, 0x0000000687400000|  0%| F|  |TAMS 0x0000000687000000, 0x0000000687000000| Untracked 
|  15|0x0000000687400000, 0x0000000687400000, 0x0000000687800000|  0%| F|  |TAMS 0x0000000687400000, 0x0000000687400000| Untracked 
|  16|0x0000000687800000, 0x0000000687800000, 0x0000000687c00000|  0%| F|  |TAMS 0x0000000687800000, 0x0000000687800000| Untracked 
|  17|0x0000000687c00000, 0x0000000687c00000, 0x0000000688000000|  0%| F|  |TAMS 0x0000000687c00000, 0x0000000687c00000| Untracked 
|  18|0x0000000688000000, 0x0000000688000000, 0x0000000688400000|  0%| F|  |TAMS 0x0000000688000000, 0x0000000688000000| Untracked 
|  19|0x0000000688400000, 0x0000000688400000, 0x0000000688800000|  0%| F|  |TAMS 0x0000000688400000, 0x0000000688400000| Untracked 
|  20|0x0000000688800000, 0x0000000688800000, 0x0000000688c00000|  0%| F|  |TAMS 0x0000000688800000, 0x0000000688800000| Untracked 
|  21|0x0000000688c00000, 0x0000000688c00000, 0x0000000689000000|  0%| F|  |TAMS 0x0000000688c00000, 0x0000000688c00000| Untracked 
|  22|0x0000000689000000, 0x0000000689000000, 0x0000000689400000|  0%| F|  |TAMS 0x0000000689000000, 0x0000000689000000| Untracked 
|  23|0x0000000689400000, 0x0000000689400000, 0x0000000689800000|  0%| F|  |TAMS 0x0000000689400000, 0x0000000689400000| Untracked 
|  24|0x0000000689800000, 0x0000000689800000, 0x0000000689c00000|  0%| F|  |TAMS 0x0000000689800000, 0x0000000689800000| Untracked 
|  25|0x0000000689c00000, 0x0000000689c00000, 0x000000068a000000|  0%| F|  |TAMS 0x0000000689c00000, 0x0000000689c00000| Untracked 
|  26|0x000000068a000000, 0x000000068a000000, 0x000000068a400000|  0%| F|  |TAMS 0x000000068a000000, 0x000000068a000000| Untracked 
|  27|0x000000068a400000, 0x000000068a400000, 0x000000068a800000|  0%| F|  |TAMS 0x000000068a400000, 0x000000068a400000| Untracked 
|  28|0x000000068a800000, 0x000000068a800000, 0x000000068ac00000|  0%| F|  |TAMS 0x000000068a800000, 0x000000068a800000| Untracked 
|  29|0x000000068ac00000, 0x000000068ac00000, 0x000000068b000000|  0%| F|  |TAMS 0x000000068ac00000, 0x000000068ac00000| Untracked 
|  30|0x000000068b000000, 0x000000068b000000, 0x000000068b400000|  0%| F|  |TAMS 0x000000068b000000, 0x000000068b000000| Untracked 
|  31|0x000000068b400000, 0x000000068b400000, 0x000000068b800000|  0%| F|  |TAMS 0x000000068b400000, 0x000000068b400000| Untracked 
|  32|0x000000068b800000, 0x000000068b800000, 0x000000068bc00000|  0%| F|  |TAMS 0x000000068b800000, 0x000000068b800000| Untracked 
|  33|0x000000068bc00000, 0x000000068bc00000, 0x000000068c000000|  0%| F|  |TAMS 0x000000068bc00000, 0x000000068bc00000| Untracked 
|  34|0x000000068c000000, 0x000000068c000000, 0x000000068c400000|  0%| F|  |TAMS 0x000000068c000000, 0x000000068c000000| Untracked 
|  35|0x000000068c400000, 0x000000068c400000, 0x000000068c800000|  0%| F|  |TAMS 0x000000068c400000, 0x000000068c400000| Untracked 
|  36|0x000000068c800000, 0x000000068c800000, 0x000000068cc00000|  0%| F|  |TAMS 0x000000068c800000, 0x000000068c800000| Untracked 
|  37|0x000000068cc00000, 0x000000068cc00000, 0x000000068d000000|  0%| F|  |TAMS 0x000000068cc00000, 0x000000068cc00000| Untracked 
|  38|0x000000068d000000, 0x000000068d000000, 0x000000068d400000|  0%| F|  |TAMS 0x000000068d000000, 0x000000068d000000| Untracked 
|  39|0x000000068d400000, 0x000000068d400000, 0x000000068d800000|  0%| F|  |TAMS 0x000000068d400000, 0x000000068d400000| Untracked 
|  40|0x000000068d800000, 0x000000068d800000, 0x000000068dc00000|  0%| F|  |TAMS 0x000000068d800000, 0x000000068d800000| Untracked 
|  41|0x000000068dc00000, 0x000000068dc00000, 0x000000068e000000|  0%| F|  |TAMS 0x000000068dc00000, 0x000000068dc00000| Untracked 
|  42|0x000000068e000000, 0x000000068e000000, 0x000000068e400000|  0%| F|  |TAMS 0x000000068e000000, 0x000000068e000000| Untracked 
|  43|0x000000068e400000, 0x000000068e400000, 0x000000068e800000|  0%| F|  |TAMS 0x000000068e400000, 0x000000068e400000| Untracked 
|  44|0x000000068e800000, 0x000000068e800000, 0x000000068ec00000|  0%| F|  |TAMS 0x000000068e800000, 0x000000068e800000| Untracked 
|  45|0x000000068ec00000, 0x000000068ec00000, 0x000000068f000000|  0%| F|  |TAMS 0x000000068ec00000, 0x000000068ec00000| Untracked 
|  46|0x000000068f000000, 0x000000068f000000, 0x000000068f400000|  0%| F|  |TAMS 0x000000068f000000, 0x000000068f000000| Untracked 
|  47|0x000000068f400000, 0x000000068f400000, 0x000000068f800000|  0%| F|  |TAMS 0x000000068f400000, 0x000000068f400000| Untracked 
|  48|0x000000068f800000, 0x000000068f800000, 0x000000068fc00000|  0%| F|  |TAMS 0x000000068f800000, 0x000000068f800000| Untracked 
|  49|0x000000068fc00000, 0x000000068fc00000, 0x0000000690000000|  0%| F|  |TAMS 0x000000068fc00000, 0x000000068fc00000| Untracked 
|  50|0x0000000690000000, 0x0000000690000000, 0x0000000690400000|  0%| F|  |TAMS 0x0000000690000000, 0x0000000690000000| Untracked 
|  51|0x0000000690400000, 0x0000000690400000, 0x0000000690800000|  0%| F|  |TAMS 0x0000000690400000, 0x0000000690400000| Untracked 
|  52|0x0000000690800000, 0x0000000690800000, 0x0000000690c00000|  0%| F|  |TAMS 0x0000000690800000, 0x0000000690800000| Untracked 
|  53|0x0000000690c00000, 0x0000000690c00000, 0x0000000691000000|  0%| F|  |TAMS 0x0000000690c00000, 0x0000000690c00000| Untracked 
|  54|0x0000000691000000, 0x0000000691000000, 0x0000000691400000|  0%| F|  |TAMS 0x0000000691000000, 0x0000000691000000| Untracked 
|  55|0x0000000691400000, 0x0000000691400000, 0x0000000691800000|  0%| F|  |TAMS 0x0000000691400000, 0x0000000691400000| Untracked 
|  56|0x0000000691800000, 0x0000000691800000, 0x0000000691c00000|  0%| F|  |TAMS 0x0000000691800000, 0x0000000691800000| Untracked 
|  57|0x0000000691c00000, 0x0000000691c00000, 0x0000000692000000|  0%| F|  |TAMS 0x0000000691c00000, 0x0000000691c00000| Untracked 
|  58|0x0000000692000000, 0x0000000692000000, 0x0000000692400000|  0%| F|  |TAMS 0x0000000692000000, 0x0000000692000000| Untracked 
|  59|0x0000000692400000, 0x0000000692400000, 0x0000000692800000|  0%| F|  |TAMS 0x0000000692400000, 0x0000000692400000| Untracked 
|  60|0x0000000692800000, 0x0000000692800000, 0x0000000692c00000|  0%| F|  |TAMS 0x0000000692800000, 0x0000000692800000| Untracked 
|  61|0x0000000692c00000, 0x0000000692c00000, 0x0000000693000000|  0%| F|  |TAMS 0x0000000692c00000, 0x0000000692c00000| Untracked 
|  62|0x0000000693000000, 0x0000000693000000, 0x0000000693400000|  0%| F|  |TAMS 0x0000000693000000, 0x0000000693000000| Untracked 
|  63|0x0000000693400000, 0x0000000693400000, 0x0000000693800000|  0%| F|  |TAMS 0x0000000693400000, 0x0000000693400000| Untracked 
|  64|0x0000000693800000, 0x0000000693800000, 0x0000000693c00000|  0%| F|  |TAMS 0x0000000693800000, 0x0000000693800000| Untracked 
|  65|0x0000000693c00000, 0x0000000693c00000, 0x0000000694000000|  0%| F|  |TAMS 0x0000000693c00000, 0x0000000693c00000| Untracked 
|  66|0x0000000694000000, 0x0000000694000000, 0x0000000694400000|  0%| F|  |TAMS 0x0000000694000000, 0x0000000694000000| Untracked 
|  67|0x0000000694400000, 0x0000000694400000, 0x0000000694800000|  0%| F|  |TAMS 0x0000000694400000, 0x0000000694400000| Untracked 
|  68|0x0000000694800000, 0x0000000694800000, 0x0000000694c00000|  0%| F|  |TAMS 0x0000000694800000, 0x0000000694800000| Untracked 
|  69|0x0000000694c00000, 0x0000000694c00000, 0x0000000695000000|  0%| F|  |TAMS 0x0000000694c00000, 0x0000000694c00000| Untracked 
|  70|0x0000000695000000, 0x0000000695000000, 0x0000000695400000|  0%| F|  |TAMS 0x0000000695000000, 0x0000000695000000| Untracked 
|  71|0x0000000695400000, 0x0000000695400000, 0x0000000695800000|  0%| F|  |TAMS 0x0000000695400000, 0x0000000695400000| Untracked 
|  72|0x0000000695800000, 0x0000000695800000, 0x0000000695c00000|  0%| F|  |TAMS 0x0000000695800000, 0x0000000695800000| Untracked 
|  73|0x0000000695c00000, 0x0000000695c00000, 0x0000000696000000|  0%| F|  |TAMS 0x0000000695c00000, 0x0000000695c00000| Untracked 
|  74|0x0000000696000000, 0x0000000696000000, 0x0000000696400000|  0%| F|  |TAMS 0x0000000696000000, 0x0000000696000000| Untracked 
|  75|0x0000000696400000, 0x0000000696400000, 0x0000000696800000|  0%| F|  |TAMS 0x0000000696400000, 0x0000000696400000| Untracked 
|  76|0x0000000696800000, 0x0000000696800000, 0x0000000696c00000|  0%| F|  |TAMS 0x0000000696800000, 0x0000000696800000| Untracked 
|  77|0x0000000696c00000, 0x0000000696c00000, 0x0000000697000000|  0%| F|  |TAMS 0x0000000696c00000, 0x0000000696c00000| Untracked 
|  78|0x0000000697000000, 0x0000000697000000, 0x0000000697400000|  0%| F|  |TAMS 0x0000000697000000, 0x0000000697000000| Untracked 
|  79|0x0000000697400000, 0x0000000697400000, 0x0000000697800000|  0%| F|  |TAMS 0x0000000697400000, 0x0000000697400000| Untracked 
|  80|0x0000000697800000, 0x0000000697800000, 0x0000000697c00000|  0%| F|  |TAMS 0x0000000697800000, 0x0000000697800000| Untracked 
|  81|0x0000000697c00000, 0x0000000697c00000, 0x0000000698000000|  0%| F|  |TAMS 0x0000000697c00000, 0x0000000697c00000| Untracked 
|  82|0x0000000698000000, 0x0000000698000000, 0x0000000698400000|  0%| F|  |TAMS 0x0000000698000000, 0x0000000698000000| Untracked 
|  83|0x0000000698400000, 0x0000000698400000, 0x0000000698800000|  0%| F|  |TAMS 0x0000000698400000, 0x0000000698400000| Untracked 
|  84|0x0000000698800000, 0x000000069884f600, 0x0000000698c00000|  7%| S|CS|TAMS 0x0000000698800000, 0x0000000698800000| Complete 
|  85|0x0000000698c00000, 0x0000000699000000, 0x0000000699000000|100%| S|CS|TAMS 0x0000000698c00000, 0x0000000698c00000| Complete 
|  86|0x0000000699000000, 0x0000000699000000, 0x0000000699400000|  0%| F|  |TAMS 0x0000000699000000, 0x0000000699000000| Untracked 
|  87|0x0000000699400000, 0x0000000699400000, 0x0000000699800000|  0%| F|  |TAMS 0x0000000699400000, 0x0000000699400000| Untracked 
|  88|0x0000000699800000, 0x0000000699a00800, 0x0000000699c00000| 50%| E|  |TAMS 0x0000000699800000, 0x0000000699800000| Complete 
|  89|0x0000000699c00000, 0x000000069a000000, 0x000000069a000000|100%| E|CS|TAMS 0x0000000699c00000, 0x0000000699c00000| Complete 
|  90|0x000000069a000000, 0x000000069a400000, 0x000000069a400000|100%| E|CS|TAMS 0x000000069a000000, 0x000000069a000000| Complete 
|  91|0x000000069a400000, 0x000000069a800000, 0x000000069a800000|100%| E|CS|TAMS 0x000000069a400000, 0x000000069a400000| Complete 
|  92|0x000000069a800000, 0x000000069ac00000, 0x000000069ac00000|100%| E|CS|TAMS 0x000000069a800000, 0x000000069a800000| Complete 
|  93|0x000000069ac00000, 0x000000069b000000, 0x000000069b000000|100%| E|CS|TAMS 0x000000069ac00000, 0x000000069ac00000| Complete 
|  94|0x000000069b000000, 0x000000069b400000, 0x000000069b400000|100%| E|CS|TAMS 0x000000069b000000, 0x000000069b000000| Complete 
|  95|0x000000069b400000, 0x000000069b800000, 0x000000069b800000|100%| E|CS|TAMS 0x000000069b400000, 0x000000069b400000| Complete 

Card table byte_map: [0x00000186bc1c0000,0x00000186bcdb0000] _byte_map_base: 0x00000186b8da4000

Marking Bits (Prev, Next): (CMBitMap*) 0x00000186a489f1b0, (CMBitMap*) 0x00000186a489f1f0
 Prev Bits: [0x00000186bd9a0000, 0x00000186c38c0000)
 Next Bits: [0x00000186c38c0000, 0x00000186c97e0000)

Polling page: 0x00000186a2400000

Metaspace:

Usage:
  Non-class:     17.25 MB used.
      Class:      2.42 MB used.
       Both:     19.67 MB used.

Virtual space:
  Non-class space:       64.00 MB reserved,      17.44 MB ( 27%) committed,  1 nodes.
      Class space:        1.00 GB reserved,       2.56 MB ( <1%) committed,  1 nodes.
             Both:        1.06 GB reserved,      20.00 MB (  2%) committed. 

Chunk freelists:
   Non-Class:  13.84 MB
       Class:  13.47 MB
        Both:  27.31 MB

MaxMetaspaceSize: unlimited
CompressedClassSpaceSize: 1.00 GB
Initial GC threshold: 21.00 MB
Current GC threshold: 21.00 MB
CDS: on
MetaspaceReclaimPolicy: balanced
 - commit_granule_bytes: 65536.
 - commit_granule_words: 8192.
 - virtual_space_node_default_size: 8388608.
 - enlarge_chunks_in_place: 1.
 - new_chunks_are_fully_committed: 0.
 - uncommit_free_chunks: 1.
 - use_allocation_guard: 0.
 - handle_deallocations: 1.


Internal statistics:

num_allocs_failed_limit: 0.
num_arena_births: 260.
num_arena_deaths: 0.
num_vsnodes_births: 2.
num_vsnodes_deaths: 0.
num_space_committed: 320.
num_space_uncommitted: 0.
num_chunks_returned_to_freelist: 0.
num_chunks_taken_from_freelist: 962.
num_chunk_merges: 0.
num_chunk_splits: 650.
num_chunks_enlarged: 495.
num_inconsistent_stats: 0.

CodeHeap 'non-profiled nmethods': size=120000Kb used=1274Kb max_used=1274Kb free=118725Kb
 bounds [0x00000186b3b70000, 0x00000186b3de0000, 0x00000186bb0a0000]
CodeHeap 'profiled nmethods': size=120000Kb used=5886Kb max_used=5886Kb free=114114Kb
 bounds [0x00000186ac0a0000, 0x00000186ac660000, 0x00000186b35d0000]
CodeHeap 'non-nmethods': size=5760Kb used=1202Kb max_used=1257Kb free=4557Kb
 bounds [0x00000186b35d0000, 0x00000186b3840000, 0x00000186b3b70000]
 total_blobs=3357 nmethods=2855 adapters=414
 compilation: enabled
              stopped_count=0, restarted_count=0
 full_count=0

Compilation events (20 events):
Event: 3.218 Thread 0x00000186bb5b7ee0 nmethod 2787 0x00000186ac62ea90 code [0x00000186ac62ec80, 0x00000186ac62f2f8]
Event: 3.218 Thread 0x00000186bb5b7ee0 2788       3       org.springframework.core.SimpleAliasRegistry::isAlias (11 bytes)
Event: 3.218 Thread 0x00000186bb5b7ee0 nmethod 2788 0x00000186ac62f490 code [0x00000186ac62f640, 0x00000186ac62f828]
Event: 3.218 Thread 0x00000186bb5b7ee0 2789   !   3       org.springframework.beans.factory.support.AbstractBeanFactory::getBeanPostProcessorCache (181 bytes)
Event: 3.219 Thread 0x00000186bb5b7ee0 nmethod 2789 0x00000186ac62f910 code [0x00000186ac62fbc0, 0x00000186ac631038]
Event: 3.219 Thread 0x00000186bb5b7ee0 2790       3       org.springframework.beans.factory.support.AbstractBeanFactory::hasInstantiationAwareBeanPostProcessors (21 bytes)
Event: 3.219 Thread 0x00000186bb5b7ee0 nmethod 2790 0x00000186ac631610 code [0x00000186ac6317c0, 0x00000186ac631ab8]
Event: 3.219 Thread 0x00000186bb5b7ee0 2791       3       org.springframework.beans.factory.support.AbstractAutowireCapableBeanFactory::determineTargetType (83 bytes)
Event: 3.220 Thread 0x00000186bb5b7ee0 nmethod 2791 0x00000186ac631c10 code [0x00000186ac631e20, 0x00000186ac632a88]
Event: 3.220 Thread 0x00000186bb5b7ee0 2792       3       org.springframework.beans.factory.support.DefaultListableBeanFactory::requiresEagerInitForType (26 bytes)
Event: 3.220 Thread 0x00000186bb5b7ee0 nmethod 2792 0x00000186ac632d10 code [0x00000186ac632ee0, 0x00000186ac633338]
Event: 3.225 Thread 0x0000018713433240 2793       4       java.util.WeakHashMap::remove (131 bytes)
Event: 3.226 Thread 0x00000186bb5b7ee0 2794       3       java.util.Collections::addAll (43 bytes)
Event: 3.227 Thread 0x00000186bb5b7ee0 nmethod 2794 0x00000186ac633490 code [0x00000186ac633640, 0x00000186ac633908]
Event: 3.228 Thread 0x00000186bb5b7ee0 2795       3       org.springframework.core.annotation.AnnotationAttributes::fromMap (29 bytes)
Event: 3.229 Thread 0x00000186bb5b7ee0 nmethod 2795 0x00000186ac633a90 code [0x00000186ac633c80, 0x00000186ac634388]
Event: 3.229 Thread 0x00000186bb5b7ee0 2796       3       org.springframework.context.annotation.AnnotationConfigUtils::attributesFor (9 bytes)
Event: 3.230 Thread 0x00000186bb5b7ee0 nmethod 2796 0x00000186ac634590 code [0x00000186ac6347c0, 0x00000186ac635108]
Event: 3.230 Thread 0x00000186bb5b7ee0 2797       3       org.springframework.context.annotation.AnnotationConfigUtils::attributesFor (11 bytes)
Event: 3.231 Thread 0x00000186bb5b7ee0 nmethod 2797 0x00000186ac635390 code [0x00000186ac6355a0, 0x00000186ac635d78]

GC Heap History (6 events):
Event: 0.936 GC heap before
{Heap before GC invocations=0 (full 0):
 garbage-first heap   total 393216K, used 20480K [0x0000000683800000, 0x0000000800000000)
  region size 4096K, 5 young (20480K), 0 survivors (0K)
 Metaspace       used 4667K, committed 4864K, reserved 1114112K
  class space    used 519K, committed 640K, reserved 1048576K
}
Event: 0.942 GC heap after
{Heap after GC invocations=1 (full 0):
 garbage-first heap   total 393216K, used 6440K [0x0000000683800000, 0x0000000800000000)
  region size 4096K, 1 young (4096K), 1 survivors (4096K)
 Metaspace       used 4667K, committed 4864K, reserved 1114112K
  class space    used 519K, committed 640K, reserved 1048576K
}
Event: 1.457 GC heap before
{Heap before GC invocations=1 (full 0):
 garbage-first heap   total 393216K, used 18728K [0x0000000683800000, 0x0000000800000000)
  region size 4096K, 4 young (16384K), 1 survivors (4096K)
 Metaspace       used 8153K, committed 8448K, reserved 1114112K
  class space    used 998K, committed 1152K, reserved 1048576K
}
Event: 1.462 GC heap after
{Heap after GC invocations=2 (full 0):
 garbage-first heap   total 393216K, used 8022K [0x0000000683800000, 0x0000000800000000)
  region size 4096K, 1 young (4096K), 1 survivors (4096K)
 Metaspace       used 8153K, committed 8448K, reserved 1114112K
  class space    used 998K, committed 1152K, reserved 1048576K
}
Event: 2.497 GC heap before
{Heap before GC invocations=2 (full 0):
 garbage-first heap   total 393216K, used 44886K [0x0000000683800000, 0x0000000800000000)
  region size 4096K, 10 young (40960K), 1 survivors (4096K)
 Metaspace       used 17140K, committed 17344K, reserved 1114112K
  class space    used 2143K, committed 2240K, reserved 1048576K
}
Event: 2.504 GC heap after
{Heap after GC invocations=3 (full 0):
 garbage-first heap   total 393216K, used 10982K [0x0000000683800000, 0x0000000800000000)
  region size 4096K, 2 young (8192K), 2 survivors (8192K)
 Metaspace       used 17140K, committed 17344K, reserved 1114112K
  class space    used 2143K, committed 2240K, reserved 1048576K
}

Deoptimization events (20 events):
Event: 3.161 Thread 0x00000186a4877e60 Uncommon trap: trap_request=0xffffffde fr.pc=0x00000186b3b80a18 relative=0x0000000000000198
Event: 3.161 Thread 0x00000186a4877e60 Uncommon trap: reason=class_check action=maybe_recompile pc=0x00000186b3b80a18 method=java.lang.String.equals(Ljava/lang/Object;)Z @ 8 c2
Event: 3.161 Thread 0x00000186a4877e60 DEOPT PACKING pc=0x00000186b3b80a18 sp=0x0000000fbf6fead0
Event: 3.161 Thread 0x00000186a4877e60 DEOPT UNPACKING pc=0x00000186b36223a3 sp=0x0000000fbf6fea68 mode 2
Event: 3.161 Thread 0x00000186a4877e60 Uncommon trap: trap_request=0xffffffde fr.pc=0x00000186b3b80a18 relative=0x0000000000000198
Event: 3.161 Thread 0x00000186a4877e60 Uncommon trap: reason=class_check action=maybe_recompile pc=0x00000186b3b80a18 method=java.lang.String.equals(Ljava/lang/Object;)Z @ 8 c2
Event: 3.161 Thread 0x00000186a4877e60 DEOPT PACKING pc=0x00000186b3b80a18 sp=0x0000000fbf6fead0
Event: 3.161 Thread 0x00000186a4877e60 DEOPT UNPACKING pc=0x00000186b36223a3 sp=0x0000000fbf6fea68 mode 2
Event: 3.161 Thread 0x00000186a4877e60 Uncommon trap: trap_request=0xffffffde fr.pc=0x00000186b3b80a18 relative=0x0000000000000198
Event: 3.161 Thread 0x00000186a4877e60 Uncommon trap: reason=class_check action=maybe_recompile pc=0x00000186b3b80a18 method=java.lang.String.equals(Ljava/lang/Object;)Z @ 8 c2
Event: 3.161 Thread 0x00000186a4877e60 DEOPT PACKING pc=0x00000186b3b80a18 sp=0x0000000fbf6fead0
Event: 3.161 Thread 0x00000186a4877e60 DEOPT UNPACKING pc=0x00000186b36223a3 sp=0x0000000fbf6fea68 mode 2
Event: 3.162 Thread 0x00000186a4877e60 Uncommon trap: trap_request=0xffffffde fr.pc=0x00000186b3c85c78 relative=0x0000000000000438
Event: 3.162 Thread 0x00000186a4877e60 Uncommon trap: reason=class_check action=maybe_recompile pc=0x00000186b3c85c78 method=java.lang.String.equals(Ljava/lang/Object;)Z @ 8 c2
Event: 3.162 Thread 0x00000186a4877e60 DEOPT PACKING pc=0x00000186b3c85c78 sp=0x0000000fbf6fe820
Event: 3.162 Thread 0x00000186a4877e60 DEOPT UNPACKING pc=0x00000186b36223a3 sp=0x0000000fbf6fe6e8 mode 2
Event: 3.162 Thread 0x00000186a4877e60 Uncommon trap: trap_request=0xffffffde fr.pc=0x00000186b3b80a18 relative=0x0000000000000198
Event: 3.162 Thread 0x00000186a4877e60 Uncommon trap: reason=class_check action=maybe_recompile pc=0x00000186b3b80a18 method=java.lang.String.equals(Ljava/lang/Object;)Z @ 8 c2
Event: 3.162 Thread 0x00000186a4877e60 DEOPT PACKING pc=0x00000186b3b80a18 sp=0x0000000fbf6fe750
Event: 3.162 Thread 0x00000186a4877e60 DEOPT UNPACKING pc=0x00000186b36223a3 sp=0x0000000fbf6fe6e8 mode 2

Classes unloaded (0 events):
No events

Classes redefined (0 events):
No events

Internal exceptions (20 events):
Event: 1.892 Thread 0x00000186a4877e60 Exception <a 'java/lang/NoSuchMethodError'{0x000000069b6f5198}: 'java.lang.Object java.lang.invoke.DirectMethodHandle$Holder.invokeVirtual(java.lang.Object, java.lang.Object, java.lang.Object)'> (0x000000069b6f5198) 
thrown [s\open\src\hotspot\share\interpreter\linkResolver.cpp, line 759]
Event: 1.897 Thread 0x00000186a4877e60 Exception <a 'java/lang/NoSuchMethodError'{0x000000069b753890}: 'java.lang.Object java.lang.invoke.DirectMethodHandle$Holder.invokeStatic(java.lang.Object, java.lang.Object, long, java.lang.Object)'> (0x000000069b753890) 
thrown [s\open\src\hotspot\share\interpreter\linkResolver.cpp, line 759]
Event: 1.897 Thread 0x00000186a4877e60 Exception <a 'java/lang/NoSuchMethodError'{0x000000069b757328}: 'java.lang.Object java.lang.invoke.DirectMethodHandle$Holder.invokeStaticInit(java.lang.Object, java.lang.Object, long, java.lang.Object)'> (0x000000069b757328) 
thrown [s\open\src\hotspot\share\interpreter\linkResolver.cpp, line 759]
Event: 1.897 Thread 0x00000186a4877e60 Exception <a 'java/lang/NoSuchMethodError'{0x000000069b75d658}: 'java.lang.Object java.lang.invoke.DirectMethodHandle$Holder.newInvokeSpecial(java.lang.Object, java.lang.Object, long)'> (0x000000069b75d658) 
thrown [s\open\src\hotspot\share\interpreter\linkResolver.cpp, line 759]
Event: 1.898 Thread 0x00000186a4877e60 Exception <a 'java/lang/NoSuchMethodError'{0x000000069b7611c8}: 'java.lang.Object java.lang.invoke.Invokers$Holder.linkToTargetMethod(java.lang.Object, long, java.lang.Object)'> (0x000000069b7611c8) 
thrown [s\open\src\hotspot\share\interpreter\linkResolver.cpp, line 759]
Event: 1.912 Thread 0x00000186a4877e60 Exception <a 'java/lang/NoSuchMethodError'{0x000000069b7aeb18}: 'void java.lang.invoke.DirectMethodHandle$Holder.invokeVirtual(java.lang.Object, java.lang.Object, java.lang.Object, java.lang.Object)'> (0x000000069b7aeb18) 
thrown [s\open\src\hotspot\share\interpreter\linkResolver.cpp, line 759]
Event: 1.954 Thread 0x00000186a4877e60 Exception <a 'java/lang/NoSuchMethodError'{0x000000069b100588}: 'void java.lang.invoke.DirectMethodHandle$Holder.invokeSpecial(java.lang.Object, java.lang.Object, java.lang.Object)'> (0x000000069b100588) 
thrown [s\open\src\hotspot\share\interpreter\linkResolver.cpp, line 759]
Event: 1.960 Thread 0x00000186a4877e60 Exception <a 'java/lang/IncompatibleClassChangeError'{0x000000069b128778}: Found class java.lang.Object, but interface was expected> (0x000000069b128778) 
thrown [s\open\src\hotspot\share\interpreter\linkResolver.cpp, line 826]
Event: 1.961 Thread 0x00000186cc3dc290 Exception <a 'java/lang/NoClassDefFoundError'{0x000000069b1762b0}: jakarta/validation/Validation> (0x000000069b1762b0) 
thrown [s\open\src\hotspot\share\classfile\systemDictionary.cpp, line 245]
Event: 2.087 Thread 0x00000186a4877e60 Exception <a 'java/lang/NoSuchMethodError'{0x000000069a769c40}: 'java.lang.Object java.lang.invoke.DirectMethodHandle$Holder.invokeStatic(java.lang.Object, int, java.lang.Object)'> (0x000000069a769c40) 
thrown [s\open\src\hotspot\share\interpreter\linkResolver.cpp, line 759]
Event: 2.328 Thread 0x00000186cc3dc290 Exception <a 'java/lang/NoSuchMethodError'{0x00000006995d9938}: 'long java.lang.invoke.DirectMethodHandle$Holder.invokeSpecial(java.lang.Object, java.lang.Object)'> (0x00000006995d9938) 
thrown [s\open\src\hotspot\share\interpreter\linkResolver.cpp, line 759]
Event: 2.332 Thread 0x00000186cc3dc290 Exception <a 'java/lang/NoSuchMethodError'{0x00000006995e4788}: 'long java.lang.invoke.DirectMethodHandle$Holder.invokeStatic(java.lang.Object, java.lang.Object)'> (0x00000006995e4788) 
thrown [s\open\src\hotspot\share\interpreter\linkResolver.cpp, line 759]
Event: 2.333 Thread 0x00000186cc3dc290 Exception <a 'java/lang/NoSuchMethodError'{0x00000006995e7d88}: 'long java.lang.invoke.DirectMethodHandle$Holder.invokeStaticInit(java.lang.Object, java.lang.Object)'> (0x00000006995e7d88) 
thrown [s\open\src\hotspot\share\interpreter\linkResolver.cpp, line 759]
Event: 2.337 Thread 0x00000186cc3dc290 Exception <a 'java/lang/NoSuchMethodError'{0x00000006996a4ce8}: 'long java.lang.invoke.DirectMethodHandle$Holder.invokeInterface(java.lang.Object, java.lang.Object)'> (0x00000006996a4ce8) 
thrown [s\open\src\hotspot\share\interpreter\linkResolver.cpp, line 759]
Event: 2.338 Thread 0x00000186cc3dc290 Exception <a 'java/lang/IncompatibleClassChangeError'{0x00000006996a8278}: Found class java.lang.Object, but interface was expected> (0x00000006996a8278) 
thrown [s\open\src\hotspot\share\interpreter\linkResolver.cpp, line 826]
Event: 2.346 Thread 0x00000186a4877e60 Exception <a 'sun/nio/fs/WindowsException'{0x0000000699632d68}> (0x0000000699632d68) 
thrown [s\open\src\hotspot\share\prims\jni.cpp, line 516]
Event: 2.348 Thread 0x00000186a4877e60 Exception <a 'java/lang/NoSuchMethodError'{0x00000006996345f0}: 'int java.lang.invoke.DirectMethodHandle$Holder.invokeSpecial(java.lang.Object, java.lang.Object, java.lang.Object, java.lang.Object, java.lang.Object)'> (0x00000006996345f0) 
thrown [s\open\src\hotspot\share\interpreter\linkResolver.cpp, line 759]
Event: 2.352 Thread 0x00000186a4877e60 Exception <a 'java/lang/NoSuchMethodError'{0x000000069963d2d0}: 'void java.lang.invoke.DirectMethodHandle$Holder.invokeVirtual(java.lang.Object, java.lang.Object)'> (0x000000069963d2d0) 
thrown [s\open\src\hotspot\share\interpreter\linkResolver.cpp, line 759]
Event: 2.369 Thread 0x00000186cc3dc290 Exception <a 'java/lang/NoSuchMethodError'{0x0000000699717828}: 'java.lang.Object java.lang.invoke.DirectMethodHandle$Holder.invokeVirtual(java.lang.Object, java.lang.Object, java.lang.Object, java.lang.Object)'> (0x0000000699717828) 
thrown [s\open\src\hotspot\share\interpreter\linkResolver.cpp, line 759]
Event: 2.642 Thread 0x00000186a4877e60 Exception <a 'java/lang/IncompatibleClassChangeError'{0x000000069ac1f180}: Found class java.lang.Object, but interface was expected> (0x000000069ac1f180) 
thrown [s\open\src\hotspot\share\interpreter\linkResolver.cpp, line 826]

VM Operations (20 events):
Event: 1.947 Executing VM operation: HandshakeAllThreads
Event: 1.947 Executing VM operation: HandshakeAllThreads done
Event: 1.951 Executing VM operation: HandshakeAllThreads
Event: 1.951 Executing VM operation: HandshakeAllThreads done
Event: 1.951 Executing VM operation: HandshakeAllThreads
Event: 1.951 Executing VM operation: HandshakeAllThreads done
Event: 2.084 Executing VM operation: ICBufferFull
Event: 2.084 Executing VM operation: ICBufferFull done
Event: 2.096 Executing VM operation: HandshakeAllThreads
Event: 2.096 Executing VM operation: HandshakeAllThreads done
Event: 2.228 Executing VM operation: HandshakeAllThreads
Event: 2.228 Executing VM operation: HandshakeAllThreads done
Event: 2.305 Executing VM operation: HandshakeAllThreads
Event: 2.305 Executing VM operation: HandshakeAllThreads done
Event: 2.447 Executing VM operation: HandshakeAllThreads
Event: 2.447 Executing VM operation: HandshakeAllThreads done
Event: 2.497 Executing VM operation: G1CollectForAllocation
Event: 2.504 Executing VM operation: G1CollectForAllocation done
Event: 2.974 Executing VM operation: ICBufferFull
Event: 2.974 Executing VM operation: ICBufferFull done

Events (20 events):
Event: 2.491 loading class javax/security/auth/Subject done
Event: 2.492 loading class javax/security/auth/callback/CallbackHandler
Event: 2.492 loading class javax/security/auth/callback/CallbackHandler done
Event: 2.493 loading class com/sun/security/sasl/Provider
Event: 2.494 loading class com/sun/security/sasl/Provider done
Event: 2.494 loading class com/sun/security/sasl/Provider$1
Event: 2.494 loading class com/sun/security/sasl/Provider$1 done
Event: 2.494 loading class com/sun/security/sasl/Provider$ProviderService
Event: 2.494 loading class com/sun/security/sasl/Provider$ProviderService done
Event: 2.494 loading class sun/security/provider/certpath/ldap/JdkLDAP
Event: 2.494 loading class sun/security/provider/certpath/ldap/JdkLDAP done
Event: 2.495 loading class sun/security/provider/certpath/ldap/JdkLDAP$ProviderService
Event: 2.495 loading class sun/security/provider/certpath/ldap/JdkLDAP$ProviderService done
Event: 2.506 Thread 0x00000186cc3dc290 Thread exited: 0x00000186cc3dc290
Event: 2.557 Thread 0x0000018712c580f0 Thread added: 0x0000018712c580f0
Event: 2.576 loading class javax/naming/ldap/LdapContext
Event: 2.576 loading class javax/naming/directory/DirContext
Event: 2.576 loading class javax/naming/directory/DirContext done
Event: 2.576 loading class javax/naming/ldap/LdapContext done
Event: 2.611 Thread 0x0000018712c580f0 Thread exited: 0x0000018712c580f0


Dynamic libraries:
0x00007ff6db2c0000 - 0x00007ff6db2d0000 	C:\Program Files\Java\jdk-17\bin\java.exe
0x00007ffb849b0000 - 0x00007ffb84ba8000 	C:\Windows\SYSTEM32\ntdll.dll
0x00007ffb84060000 - 0x00007ffb8411d000 	C:\Windows\System32\KERNEL32.DLL
0x00007ffb821d0000 - 0x00007ffb824c6000 	C:\Windows\System32\KERNELBASE.dll
0x00007ffb824d0000 - 0x00007ffb825d0000 	C:\Windows\System32\ucrtbase.dll
0x00007ffb7a720000 - 0x00007ffb7a739000 	C:\Program Files\Java\jdk-17\bin\jli.dll
0x00007ffb7a700000 - 0x00007ffb7a71b000 	C:\Program Files\Java\jdk-17\bin\VCRUNTIME140.dll
0x00007ffb82bc0000 - 0x00007ffb82c70000 	C:\Windows\System32\ADVAPI32.dll
0x00007ffb847f0000 - 0x00007ffb8488e000 	C:\Windows\System32\msvcrt.dll
0x00007ffb83fc0000 - 0x00007ffb84060000 	C:\Windows\System32\sechost.dll
0x00007ffb845f0000 - 0x00007ffb84715000 	C:\Windows\System32\RPCRT4.dll
0x00007ffb82900000 - 0x00007ffb82927000 	C:\Windows\System32\bcrypt.dll
0x00007ffb836d0000 - 0x00007ffb8386e000 	C:\Windows\System32\USER32.dll
0x00007ffb74ce0000 - 0x00007ffb74f7a000 	C:\Windows\WinSxS\amd64_microsoft.windows.common-controls_6595b64144ccf1df_6.0.19041.3636_none_60b6a03d71f818d5\COMCTL32.dll
0x00007ffb82830000 - 0x00007ffb82852000 	C:\Windows\System32\win32u.dll
0x00007ffb82b90000 - 0x00007ffb82bbb000 	C:\Windows\System32\GDI32.dll
0x00007ffb820b0000 - 0x00007ffb821c7000 	C:\Windows\System32\gdi32full.dll
0x00007ffb82860000 - 0x00007ffb828fd000 	C:\Windows\System32\msvcp_win.dll
0x00007ffb80970000 - 0x00007ffb8097a000 	C:\Windows\SYSTEM32\VERSION.dll
0x00007ffb83950000 - 0x00007ffb83982000 	C:\Windows\System32\IMM32.DLL
0x00007ffb80980000 - 0x00007ffb809b0000 	C:\Windows\system32\DriverStore\FileRepository\nvlt.inf_amd64_d8048c8cf9921ace\nvinitx.dll
0x00007ffb82eb0000 - 0x00007ffb8361b000 	C:\Windows\System32\Shell32.dll
0x00007ffb80090000 - 0x00007ffb8082e000 	C:\Windows\SYSTEM32\windows.storage.dll
0x00007ffb84210000 - 0x00007ffb84563000 	C:\Windows\System32\combase.dll
0x00007ffb819b0000 - 0x00007ffb819de000 	C:\Windows\SYSTEM32\Wldp.dll
0x00007ffb84720000 - 0x00007ffb847ed000 	C:\Windows\System32\OLEAUT32.dll
0x00007ffb82e00000 - 0x00007ffb82ead000 	C:\Windows\System32\SHCORE.dll
0x00007ffb83f40000 - 0x00007ffb83f95000 	C:\Windows\System32\shlwapi.dll
0x0000000057960000 - 0x0000000057966000 	C:\Program Files\NVIDIA Corporation\CoProcManager\_etoured.dll
0x00007ffb79b10000 - 0x00007ffb79b4b000 	C:\Program Files\NVIDIA Corporation\CoProcManager\nvd3d9wrapx.dll
0x00007ffb83990000 - 0x00007ffb83dfe000 	C:\Windows\System32\SETUPAPI.dll
0x00007ffb82060000 - 0x00007ffb820ae000 	C:\Windows\System32\cfgmgr32.dll
0x00007ffb79ae0000 - 0x00007ffb79b04000 	C:\Program Files\NVIDIA Corporation\CoProcManager\nvdxgiwrapx.dll
0x00007ffb7f5e0000 - 0x00007ffb7f5ec000 	C:\Program Files\Java\jdk-17\bin\vcruntime140_1.dll
0x00007ffb63dd0000 - 0x00007ffb63e5e000 	C:\Program Files\Java\jdk-17\bin\msvcp140.dll
0x00007ffb32e30000 - 0x00007ffb33a11000 	C:\Program Files\Java\jdk-17\bin\server\jvm.dll
0x00007ffb83e00000 - 0x00007ffb83e08000 	C:\Windows\System32\PSAPI.DLL
0x00007ffb80030000 - 0x00007ffb80039000 	C:\Windows\SYSTEM32\WSOCK32.dll
0x00007ffb75630000 - 0x00007ffb75657000 	C:\Windows\SYSTEM32\WINMM.dll
0x00007ffb838e0000 - 0x00007ffb8394b000 	C:\Windows\System32\WS2_32.dll
0x00007ffb80070000 - 0x00007ffb80082000 	C:\Windows\SYSTEM32\kernel.appcore.dll
0x00007ffb7a970000 - 0x00007ffb7a97a000 	C:\Program Files\Java\jdk-17\bin\jimage.dll
0x00007ffb7f0d0000 - 0x00007ffb7f2b4000 	C:\Windows\SYSTEM32\DBGHELP.DLL
0x00007ffb7f090000 - 0x00007ffb7f0c4000 	C:\Windows\SYSTEM32\dbgcore.DLL
0x00007ffb82730000 - 0x00007ffb827b2000 	C:\Windows\System32\bcryptPrimitives.dll
0x00007ffb7f6d0000 - 0x00007ffb7f6de000 	C:\Program Files\Java\jdk-17\bin\instrument.dll
0x00007ffb64a40000 - 0x00007ffb64a65000 	C:\Program Files\Java\jdk-17\bin\java.dll
0x00007ffb638e0000 - 0x00007ffb639b7000 	C:\Program Files\Java\jdk-17\bin\jsvml.dll
0x00007ffb81f90000 - 0x00007ffb81fb5000 	C:\Windows\SYSTEM32\profapi.dll
0x00007ffb64910000 - 0x00007ffb64928000 	C:\Program Files\Java\jdk-17\bin\zip.dll
0x00007ffb6cd80000 - 0x00007ffb6cd99000 	C:\Program Files\Java\jdk-17\bin\net.dll
0x00007ffb76bb0000 - 0x00007ffb76cba000 	C:\Windows\SYSTEM32\WINHTTP.dll
0x00007ffb81790000 - 0x00007ffb817fa000 	C:\Windows\system32\mswsock.dll
0x00007ffb64a20000 - 0x00007ffb64a36000 	C:\Program Files\Java\jdk-17\bin\nio.dll
0x00007ffb7f6a0000 - 0x00007ffb7f6ba000 	C:\Program Files\JetBrains\IntelliJ IDEA Community Edition 2022.2.2\bin\breakgen64.dll
0x00007ffb81450000 - 0x00007ffb8148b000 	C:\Windows\SYSTEM32\IPHLPAPI.DLL
0x00007ffb838d0000 - 0x00007ffb838d8000 	C:\Windows\System32\NSI.dll
0x00007ffb7d8b0000 - 0x00007ffb7d8c7000 	C:\Windows\SYSTEM32\dhcpcsvc6.DLL
0x00007ffb7d890000 - 0x00007ffb7d8ad000 	C:\Windows\SYSTEM32\dhcpcsvc.DLL
0x00007ffb81490000 - 0x00007ffb8155b000 	C:\Windows\SYSTEM32\DNSAPI.dll
0x00007ffb74300000 - 0x00007ffb7430a000 	C:\Windows\System32\rasadhlp.dll
0x00007ffb746a0000 - 0x00007ffb74720000 	C:\Windows\System32\fwpuclnt.dll
0x00007ffb78db0000 - 0x00007ffb78dbe000 	C:\Program Files\Java\jdk-17\bin\sunmscapi.dll
0x00007ffb825d0000 - 0x00007ffb8272d000 	C:\Windows\System32\CRYPT32.dll
0x00007ffb81a20000 - 0x00007ffb81a48000 	C:\Windows\SYSTEM32\ncrypt.dll
0x00007ffb819e0000 - 0x00007ffb81a1b000 	C:\Windows\SYSTEM32\NTASN1.dll

dbghelp: loaded successfully - version: 4.0.5 - missing functions: none
symbol engine: initialized successfully - sym options: 0x614 - pdb path: .;C:\Program Files\Java\jdk-17\bin;C:\Windows\SYSTEM32;C:\Windows\WinSxS\amd64_microsoft.windows.common-controls_6595b64144ccf1df_6.0.19041.3636_none_60b6a03d71f818d5;C:\Windows\system32\DriverStore\FileRepository\nvlt.inf_amd64_d8048c8cf9921ace;C:\Program Files\NVIDIA Corporation\CoProcManager;C:\Program Files\Java\jdk-17\bin\server;C:\Program Files\JetBrains\IntelliJ IDEA Community Edition 2022.2.2\bin

VM Arguments:
jvm_args: -javaagent:C:\Program Files\JetBrains\IntelliJ IDEA Community Edition 2022.2.2\lib\idea_rt.jar=49226:C:\Program Files\JetBrains\IntelliJ IDEA Community Edition 2022.2.2\bin -Dfile.encoding=UTF-8 
java_command: com.majortomdev.order.OrderApplication
java_class_path (initial): C:\dev\FullStackRestaurantMS\order\target\classes;C:\Users\user\.m2\repository\org\springframework\boot\spring-boot-starter-data-mongodb\3.2.4\spring-boot-starter-data-mongodb-3.2.4.jar;C:\Users\user\.m2\repository\org\springframework\boot\spring-boot-starter\3.2.4\spring-boot-starter-3.2.4.jar;C:\Users\user\.m2\repository\org\springframework\boot\spring-boot\3.2.4\spring-boot-3.2.4.jar;C:\Users\user\.m2\repository\org\springframework\boot\spring-boot-autoconfigure\3.2.4\spring-boot-autoconfigure-3.2.4.jar;C:\Users\user\.m2\repository\org\springframework\boot\spring-boot-starter-logging\3.2.4\spring-boot-starter-logging-3.2.4.jar;C:\Users\user\.m2\repository\ch\qos\logback\logback-classic\1.4.14\logback-classic-1.4.14.jar;C:\Users\user\.m2\repository\ch\qos\logback\logback-core\1.4.14\logback-core-1.4.14.jar;C:\Users\user\.m2\repository\org\apache\logging\log4j\log4j-to-slf4j\2.21.1\log4j-to-slf4j-2.21.1.jar;C:\Users\user\.m2\repository\org\apache\logging\log4j\log4j-api\2.21.1\log4j-api-2.21.1.jar;C:\Users\user\.m2\repository\org\slf4j\jul-to-slf4j\2.0.12\jul-to-slf4j-2.0.12.jar;C:\Users\user\.m2\repository\jakarta\annotation\jakarta.annotation-api\2.1.1\jakarta.annotation-api-2.1.1.jar;C:\Users\user\.m2\repository\org\yaml\snakeyaml\2.2\snakeyaml-2.2.jar;C:\Users\user\.m2\repository\org\mongodb\mongodb-driver-sync\4.11.1\mongodb-driver-sync-4.11.1.jar;C:\Users\user\.m2\repository\org\mongodb\bson\4.11.1\bson-4.11.1.jar;C:\Users\user\.m2\repository\org\mongodb\mongodb-driver-core\4.11.1\mongodb-driver-core-4.11.1.jar;C:\Users\user\.m2\repository\org\mongodb\bson-record-codec\4.11.1\bson-record-codec-4.11.1.jar;C:\Users\user\.m2\repository\org\springframework\data\spring-data-mongodb\4.2.4\spring-data-mongodb-4.2.4.jar;C:\Users\user\.m2\repository\org\springframework\spring-tx\6.1.5\spring-tx-6.1.5.jar;C:\Users\user\.m2\repository\org\springframework\spring-context\6.1.5\spring-context-6.1.5.jar;C:\Users\user\.m2\repository\org\springfra
Launcher Type: SUN_STANDARD

[Global flags]
     intx CICompilerCount                          = 4                                         {product} {ergonomic}
     uint ConcGCThreads                            = 2                                         {product} {ergonomic}
     uint G1ConcRefinementThreads                  = 8                                         {product} {ergonomic}
   size_t G1HeapRegionSize                         = 4194304                                   {product} {ergonomic}
    uintx GCDrainStackTargetSize                   = 64                                        {product} {ergonomic}
   size_t InitialHeapSize                          = 402653184                                 {product} {ergonomic}
   size_t MarkStackSize                            = 4194304                                   {product} {ergonomic}
   size_t MaxHeapSize                              = 6383730688                                {product} {ergonomic}
   size_t MaxNewSize                               = 3829399552                                {product} {ergonomic}
   size_t MinHeapDeltaBytes                        = 4194304                                   {product} {ergonomic}
   size_t MinHeapSize                              = 8388608                                   {product} {ergonomic}
    uintx NonNMethodCodeHeapSize                   = 5839372                                {pd product} {ergonomic}
    uintx NonProfiledCodeHeapSize                  = 122909434                              {pd product} {ergonomic}
    uintx ProfiledCodeHeapSize                     = 122909434                              {pd product} {ergonomic}
    uintx ReservedCodeCacheSize                    = 251658240                              {pd product} {ergonomic}
     bool SegmentedCodeCache                       = true                                      {product} {ergonomic}
   size_t SoftMaxHeapSize                          = 6383730688                             {manageable} {ergonomic}
     bool UseCompressedClassPointers               = true                           {product lp64_product} {ergonomic}
     bool UseCompressedOops                        = true                           {product lp64_product} {ergonomic}
     bool UseG1GC                                  = true                                      {product} {ergonomic}
     bool UseLargePagesIndividualAllocation        = false                                  {pd product} {ergonomic}

Logging:
Log output configuration:
 #0: stdout all=warning uptime,level,tags
 #1: stderr all=off uptime,level,tags

Environment Variables:
JAVA_HOME=C:\Program Files\Java\jdk-17
PATH=C:\Python312\Scripts\;C:\Python312\;C:\Program Files\nodejs;C:\Python310\Scripts\;C:\Python310\;C:\Windows\system32;C:\Windows;C:\Windows\System32\Wbem;C:\Windows\System32\WindowsPowerShell\v1.0\;C:\Windows\System32\OpenSSH\;C:\Program Files\Microsoft VS Code\bin;C:\ProgramData\chocolatey\bin;C:\Windows\System32\node_modules\.bin;C:\Users\user\AppData\Roaming;C:\Program Files\Java\jdk-17\bin;C:\apache-maven-3.8.6\bin;C:\Program Files\Docker\Docker\resources\bin;C:\Program Files\nodejs\;C:\Program Files\MySQL\MySQL Server 8.3\bin;C:\Users\user\AppData\Local\Microsoft\WindowsApps;C:\Users\user\AppData\Local\Programs\Git\cmd;C:\Users\user\AppData\Roaming\npm
USERNAME=user
OS=Windows_NT
PROCESSOR_IDENTIFIER=Intel64 Family 6 Model 42 Stepping 7, GenuineIntel



---------------  S Y S T E M  ---------------

OS:
 Windows 10 , 64 bit Build 19041 (10.0.19041.3636)
OS uptime: 24 days 19:11 hours
Hyper-V role detected

CPU: total 8 (initial active 8) (4 cores per cpu, 2 threads per core) family 6 model 42 stepping 7 microcode 0x2f, cx8, cmov, fxsr, ht, mmx, sse, sse2, sse3, ssse3, sse4.1, sse4.2, popcnt, tsc, tscinvbit, avx, aes, clmul, vzeroupper, clflush, hv

Memory: 4k page, system-wide physical 24351M (4452M free)
TotalPageFile size 24351M (AvailPageFile size 6M)
current process WorkingSet (physical memory assigned to process): 155M, peak: 158M
current process commit charge ("private bytes"): 542M, peak: 546M

vm_info: Java HotSpot(TM) 64-Bit Server VM (17.0.9+11-LTS-201) for windows-amd64 JRE (17.0.9+11-LTS-201), built on Oct 10 2023 23:16:06 by "mach5one" with MS VC++ 17.1 (VS2022)

END.
