#
# There is insufficient memory for the Java Runtime Environment to continue.
# Native memory allocation (malloc) failed to allocate 131088 bytes for Chunk::new
# Possible reasons:
#   The system is out of physical RAM or swap space
#   The process is running with CompressedOops enabled, and the Java Heap may be blocking the growth of the native heap
# Possible solutions:
#   Reduce memory load on the system
#   Increase physical memory or swap space
#   Check if swap backing store is full
#   Decrease Java heap size (-Xmx/-Xms)
#   Decrease number of Java threads
#   Decrease Java thread stack sizes (-Xss)
#   Set larger code cache with -XX:ReservedCodeCacheSize=
#   JVM is running with Zero Based Compressed Oops mode in which the Java heap is
#     placed in the first 32GB address space. The Java Heap base address is the
#     maximum limit for the native heap growth. Please use -XX:HeapBaseMinAddress
#     to set the Java Heap base and to place the Java Heap above 32GB virtual address.
# This output file may be truncated or incomplete.
#
#  Out of Memory Error (arena.cpp:189), pid=3748, tid=21956
#
# JRE version: Java(TM) SE Runtime Environment (17.0.9+11) (build 17.0.9+11-LTS-201)
# Java VM: Java HotSpot(TM) 64-Bit Server VM (17.0.9+11-LTS-201, mixed mode, sharing, tiered, compressed oops, compressed class ptrs, g1 gc, windows-amd64)
# No core dump will be written. Minidumps are not enabled by default on client versions of Windows
#

---------------  S U M M A R Y ------------

Command Line: -javaagent:C:\Program Files\JetBrains\IntelliJ IDEA Community Edition 2022.2.2\lib\idea_rt.jar=49221:C:\Program Files\JetBrains\IntelliJ IDEA Community Edition 2022.2.2\bin -Dfile.encoding=UTF-8 com.majortomdev.order.OrderApplication

Host: Intel(R) Core(TM) i7-2720QM CPU @ 2.20GHz, 8 cores, 23G,  Windows 10 , 64 bit Build 19041 (10.0.19041.3636)
Time: Fri Apr 12 19:06:27 2024 GMT Summer Time elapsed time: 2.175731 seconds (0d 0h 0m 2s)

---------------  T H R E A D  ---------------

Current thread (0x000001eab7a91590):  JavaThread "C2 CompilerThread0" daemon [_thread_in_native, id=21956, stack(0x0000000162400000,0x0000000162500000)]


Current CompileTask:
C2:   2176 1756       4       org.springframework.boot.context.config.ConfigDataEnvironmentContributor$ContributorIterator::fetchIfNecessary (153 bytes)

Stack: [0x0000000162400000,0x0000000162500000]
Native frames: (J=compiled Java code, j=interpreted, Vv=VM code, C=native code)
V  [jvm.dll+0x678a4a]
V  [jvm.dll+0x7d9cfd]
V  [jvm.dll+0x7db60e]
V  [jvm.dll+0x7dbc73]
V  [jvm.dll+0x245e1f]
V  [jvm.dll+0xaaafb]
V  [jvm.dll+0xab09c]
V  [jvm.dll+0xaac14]
V  [jvm.dll+0x69c299]
V  [jvm.dll+0x219650]
V  [jvm.dll+0x217459]
V  [jvm.dll+0x1a3bc0]
V  [jvm.dll+0x2272de]
V  [jvm.dll+0x22548b]
V  [jvm.dll+0x78f58c]
V  [jvm.dll+0x78998a]
V  [jvm.dll+0x677875]
C  [ucrtbase.dll+0x21bb2]
C  [KERNEL32.DLL+0x17344]
C  [ntdll.dll+0x526b1]


---------------  P R O C E S S  ---------------

Threads class SMR info:
_java_thread_list=0x000001eafe6c6930, length=16, elements={
0x000001ea90218eb0, 0x000001eaa6f61690, 0x000001eaa6f63430, 0x000001eaa6f6a490,
0x000001eaa6f6be70, 0x000001eaa6f6d750, 0x000001eaa6f6e7c0, 0x000001eab7a91590,
0x000001eab7a91ea0, 0x000001eab7a9ded0, 0x000001eab7b97cf0, 0x000001eab7b98710,
0x000001eab7b99640, 0x000001eab7b98200, 0x000001eafeb10b50, 0x000001eafeb0f5f0
}

Java Threads: ( => current thread )
  0x000001ea90218eb0 JavaThread "main" [_thread_in_vm, id=13280, stack(0x0000000161700000,0x0000000161800000)]
  0x000001eaa6f61690 JavaThread "Reference Handler" daemon [_thread_blocked, id=22236, stack(0x0000000161e00000,0x0000000161f00000)]
  0x000001eaa6f63430 JavaThread "Finalizer" daemon [_thread_blocked, id=23312, stack(0x0000000161f00000,0x0000000162000000)]
  0x000001eaa6f6a490 JavaThread "Signal Dispatcher" daemon [_thread_blocked, id=12448, stack(0x0000000162000000,0x0000000162100000)]
  0x000001eaa6f6be70 JavaThread "Attach Listener" daemon [_thread_blocked, id=1728, stack(0x0000000162100000,0x0000000162200000)]
  0x000001eaa6f6d750 JavaThread "Service Thread" daemon [_thread_blocked, id=16372, stack(0x0000000162200000,0x0000000162300000)]
  0x000001eaa6f6e7c0 JavaThread "Monitor Deflation Thread" daemon [_thread_blocked, id=20080, stack(0x0000000162300000,0x0000000162400000)]
=>0x000001eab7a91590 JavaThread "C2 CompilerThread0" daemon [_thread_in_native, id=21956, stack(0x0000000162400000,0x0000000162500000)]
  0x000001eab7a91ea0 JavaThread "C1 CompilerThread0" daemon [_thread_blocked, id=16928, stack(0x0000000162500000,0x0000000162600000)]
  0x000001eab7a9ded0 JavaThread "Sweeper thread" daemon [_thread_blocked, id=7676, stack(0x0000000162600000,0x0000000162700000)]
  0x000001eab7b97cf0 JavaThread "Common-Cleaner" daemon [_thread_blocked, id=8392, stack(0x0000000162700000,0x0000000162800000)]
  0x000001eab7b98710 JavaThread "Monitor Ctrl-Break" daemon [_thread_in_native, id=21588, stack(0x0000000162900000,0x0000000162a00000)]
  0x000001eab7b99640 JavaThread "Notification Thread" daemon [_thread_blocked, id=6152, stack(0x0000000162a00000,0x0000000162b00000)]
  0x000001eab7b98200 JavaThread "background-preinit" [_thread_in_vm, id=15096, stack(0x0000000162800000,0x0000000162900000)]
  0x000001eafeb10b50 JavaThread "C2 CompilerThread1" daemon [_thread_in_native, id=15828, stack(0x0000000162c00000,0x0000000162d00000)]
  0x000001eafeb0f5f0 JavaThread "C2 CompilerThread2" daemon [_thread_in_native, id=2364, stack(0x0000000163400000,0x0000000163500000)]

Other Threads:
  0x000001eaa6f5b3d0 VMThread "VM Thread" [stack: 0x0000000161d00000,0x0000000161e00000] [id=24200]
  0x000001ea90257160 WatcherThread [stack: 0x0000000162b00000,0x0000000162c00000] [id=24060]
  0x000001ea9023fe60 GCTaskThread "GC Thread#0" [stack: 0x0000000161800000,0x0000000161900000] [id=9072]
  0x000001eafe90d930 GCTaskThread "GC Thread#1" [stack: 0x0000000162d00000,0x0000000162e00000] [id=7384]
  0x000001eafe90d0f0 GCTaskThread "GC Thread#2" [stack: 0x0000000162e00000,0x0000000162f00000] [id=10864]
  0x000001eafe90d3b0 GCTaskThread "GC Thread#3" [stack: 0x0000000162f00000,0x0000000163000000] [id=7696]
  0x000001eafe90dbf0 GCTaskThread "GC Thread#4" [stack: 0x0000000163000000,0x0000000163100000] [id=12000]
  0x000001eafe90e9b0 GCTaskThread "GC Thread#5" [stack: 0x0000000163100000,0x0000000163200000] [id=10188]
  0x000001eafe90ce30 GCTaskThread "GC Thread#6" [stack: 0x0000000163200000,0x0000000163300000] [id=10748]
  0x000001eafe90deb0 GCTaskThread "GC Thread#7" [stack: 0x0000000163300000,0x0000000163400000] [id=14904]
  0x000001ea9024e8c0 ConcurrentGCThread "G1 Main Marker" [stack: 0x0000000161900000,0x0000000161a00000] [id=5668]
  0x000001ea90250e10 ConcurrentGCThread "G1 Conc#0" [stack: 0x0000000161a00000,0x0000000161b00000] [id=9640]
  0x000001ea9026ea20 ConcurrentGCThread "G1 Refine#0" [stack: 0x0000000161b00000,0x0000000161c00000] [id=21136]
  0x000001eaa6e9b560 ConcurrentGCThread "G1 Service" [stack: 0x0000000161c00000,0x0000000161d00000] [id=17972]

Threads with active compile tasks:
C2 CompilerThread0     2297 1756       4       org.springframework.boot.context.config.ConfigDataEnvironmentContributor$ContributorIterator::fetchIfNecessary (153 bytes)
C2 CompilerThread1     2297 1767   !   4       java.util.concurrent.ConcurrentHashMap::transfer (849 bytes)
C2 CompilerThread2     2297 1836       4       jdk.internal.org.objectweb.asm.Frame::execute (2305 bytes)

VM state: not at safepoint (normal execution)

VM Mutex/Monitor currently owned by a thread:  ([mutex/lock_event])
[0x000001ea90212b40] Metaspace_lock - owner thread: 0x000001ea90218eb0

Heap address: 0x0000000683800000, size: 6088 MB, Compressed Oops mode: Zero based, Oop shift amount: 3

CDS archive(s) mapped at: [0x000001eab8000000-0x000001eab8bd0000-0x000001eab8bd0000), size 12386304, SharedBaseAddress: 0x000001eab8000000, ArchiveRelocationMode: 1.
Compressed class space mapped at: 0x000001eab9000000-0x000001eaf9000000, reserved size: 1073741824
Narrow klass base: 0x000001eab8000000, Narrow klass shift: 0, Narrow klass range: 0x100000000

GC Precious Log:
 CPUs: 8 total, 8 available
 Memory: 24351M
 Large Page Support: Disabled
 NUMA Support: Disabled
 Compressed Oops: Enabled (Zero based)
 Heap Region Size: 4M
 Heap Min Capacity: 8M
 Heap Initial Capacity: 384M
 Heap Max Capacity: 6088M
 Pre-touch: Disabled
 Parallel Workers: 8
 Concurrent Workers: 2
 Concurrent Refinement Workers: 8
 Periodic GC: Disabled

Heap:
 garbage-first heap   total 393216K, used 36569K [0x0000000683800000, 0x0000000800000000)
  region size 4096K, 9 young (36864K), 1 survivors (4096K)
 Metaspace       used 15138K, committed 15360K, reserved 1114112K
  class space    used 1865K, committed 1984K, reserved 1048576K

Heap Regions: E=young(eden), S=young(survivor), O=old, HS=humongous(starts), HC=humongous(continues), CS=collection set, F=free, OA=open archive, CA=closed archive, TAMS=top-at-mark-start (previous, next)
|   0|0x0000000683800000, 0x0000000683c00000, 0x0000000683c00000|100%| O|  |TAMS 0x0000000683800000, 0x0000000683800000| Untracked 
|   1|0x0000000683c00000, 0x0000000683e5ca00, 0x0000000684000000| 59%| O|  |TAMS 0x0000000683c00000, 0x0000000683c00000| Untracked 
|   2|0x0000000684000000, 0x0000000684000000, 0x0000000684400000|  0%| F|  |TAMS 0x0000000684000000, 0x0000000684000000| Untracked 
|   3|0x0000000684400000, 0x0000000684400000, 0x0000000684800000|  0%| F|  |TAMS 0x0000000684400000, 0x0000000684400000| Untracked 
|   4|0x0000000684800000, 0x0000000684800000, 0x0000000684c00000|  0%| F|  |TAMS 0x0000000684800000, 0x0000000684800000| Untracked 
|   5|0x0000000684c00000, 0x0000000684c00000, 0x0000000685000000|  0%| F|  |TAMS 0x0000000684c00000, 0x0000000684c00000| Untracked 
|   6|0x0000000685000000, 0x0000000685000000, 0x0000000685400000|  0%| F|  |TAMS 0x0000000685000000, 0x0000000685000000| Untracked 
|   7|0x0000000685400000, 0x0000000685400000, 0x0000000685800000|  0%| F|  |TAMS 0x0000000685400000, 0x0000000685400000| Untracked 
|   8|0x0000000685800000, 0x0000000685800000, 0x0000000685c00000|  0%| F|  |TAMS 0x0000000685800000, 0x0000000685800000| Untracked 
|   9|0x0000000685c00000, 0x0000000685c00000, 0x0000000686000000|  0%| F|  |TAMS 0x0000000685c00000, 0x0000000685c00000| Untracked 
|  10|0x0000000686000000, 0x0000000686000000, 0x0000000686400000|  0%| F|  |TAMS 0x0000000686000000, 0x0000000686000000| Untracked 
|  11|0x0000000686400000, 0x0000000686400000, 0x0000000686800000|  0%| F|  |TAMS 0x0000000686400000, 0x0000000686400000| Untracked 
|  12|0x0000000686800000, 0x0000000686800000, 0x0000000686c00000|  0%| F|  |TAMS 0x0000000686800000, 0x0000000686800000| Untracked 
|  13|0x0000000686c00000, 0x0000000686c00000, 0x0000000687000000|  0%| F|  |TAMS 0x0000000686c00000, 0x0000000686c00000| Untracked 
|  14|0x0000000687000000, 0x0000000687000000, 0x0000000687400000|  0%| F|  |TAMS 0x0000000687000000, 0x0000000687000000| Untracked 
|  15|0x0000000687400000, 0x0000000687400000, 0x0000000687800000|  0%| F|  |TAMS 0x0000000687400000, 0x0000000687400000| Untracked 
|  16|0x0000000687800000, 0x0000000687800000, 0x0000000687c00000|  0%| F|  |TAMS 0x0000000687800000, 0x0000000687800000| Untracked 
|  17|0x0000000687c00000, 0x0000000687c00000, 0x0000000688000000|  0%| F|  |TAMS 0x0000000687c00000, 0x0000000687c00000| Untracked 
|  18|0x0000000688000000, 0x0000000688000000, 0x0000000688400000|  0%| F|  |TAMS 0x0000000688000000, 0x0000000688000000| Untracked 
|  19|0x0000000688400000, 0x0000000688400000, 0x0000000688800000|  0%| F|  |TAMS 0x0000000688400000, 0x0000000688400000| Untracked 
|  20|0x0000000688800000, 0x0000000688800000, 0x0000000688c00000|  0%| F|  |TAMS 0x0000000688800000, 0x0000000688800000| Untracked 
|  21|0x0000000688c00000, 0x0000000688c00000, 0x0000000689000000|  0%| F|  |TAMS 0x0000000688c00000, 0x0000000688c00000| Untracked 
|  22|0x0000000689000000, 0x0000000689000000, 0x0000000689400000|  0%| F|  |TAMS 0x0000000689000000, 0x0000000689000000| Untracked 
|  23|0x0000000689400000, 0x0000000689400000, 0x0000000689800000|  0%| F|  |TAMS 0x0000000689400000, 0x0000000689400000| Untracked 
|  24|0x0000000689800000, 0x0000000689800000, 0x0000000689c00000|  0%| F|  |TAMS 0x0000000689800000, 0x0000000689800000| Untracked 
|  25|0x0000000689c00000, 0x0000000689c00000, 0x000000068a000000|  0%| F|  |TAMS 0x0000000689c00000, 0x0000000689c00000| Untracked 
|  26|0x000000068a000000, 0x000000068a000000, 0x000000068a400000|  0%| F|  |TAMS 0x000000068a000000, 0x000000068a000000| Untracked 
|  27|0x000000068a400000, 0x000000068a400000, 0x000000068a800000|  0%| F|  |TAMS 0x000000068a400000, 0x000000068a400000| Untracked 
|  28|0x000000068a800000, 0x000000068a800000, 0x000000068ac00000|  0%| F|  |TAMS 0x000000068a800000, 0x000000068a800000| Untracked 
|  29|0x000000068ac00000, 0x000000068ac00000, 0x000000068b000000|  0%| F|  |TAMS 0x000000068ac00000, 0x000000068ac00000| Untracked 
|  30|0x000000068b000000, 0x000000068b000000, 0x000000068b400000|  0%| F|  |TAMS 0x000000068b000000, 0x000000068b000000| Untracked 
|  31|0x000000068b400000, 0x000000068b400000, 0x000000068b800000|  0%| F|  |TAMS 0x000000068b400000, 0x000000068b400000| Untracked 
|  32|0x000000068b800000, 0x000000068b800000, 0x000000068bc00000|  0%| F|  |TAMS 0x000000068b800000, 0x000000068b800000| Untracked 
|  33|0x000000068bc00000, 0x000000068bc00000, 0x000000068c000000|  0%| F|  |TAMS 0x000000068bc00000, 0x000000068bc00000| Untracked 
|  34|0x000000068c000000, 0x000000068c000000, 0x000000068c400000|  0%| F|  |TAMS 0x000000068c000000, 0x000000068c000000| Untracked 
|  35|0x000000068c400000, 0x000000068c400000, 0x000000068c800000|  0%| F|  |TAMS 0x000000068c400000, 0x000000068c400000| Untracked 
|  36|0x000000068c800000, 0x000000068c800000, 0x000000068cc00000|  0%| F|  |TAMS 0x000000068c800000, 0x000000068c800000| Untracked 
|  37|0x000000068cc00000, 0x000000068cc00000, 0x000000068d000000|  0%| F|  |TAMS 0x000000068cc00000, 0x000000068cc00000| Untracked 
|  38|0x000000068d000000, 0x000000068d000000, 0x000000068d400000|  0%| F|  |TAMS 0x000000068d000000, 0x000000068d000000| Untracked 
|  39|0x000000068d400000, 0x000000068d400000, 0x000000068d800000|  0%| F|  |TAMS 0x000000068d400000, 0x000000068d400000| Untracked 
|  40|0x000000068d800000, 0x000000068d800000, 0x000000068dc00000|  0%| F|  |TAMS 0x000000068d800000, 0x000000068d800000| Untracked 
|  41|0x000000068dc00000, 0x000000068dc00000, 0x000000068e000000|  0%| F|  |TAMS 0x000000068dc00000, 0x000000068dc00000| Untracked 
|  42|0x000000068e000000, 0x000000068e000000, 0x000000068e400000|  0%| F|  |TAMS 0x000000068e000000, 0x000000068e000000| Untracked 
|  43|0x000000068e400000, 0x000000068e400000, 0x000000068e800000|  0%| F|  |TAMS 0x000000068e400000, 0x000000068e400000| Untracked 
|  44|0x000000068e800000, 0x000000068e800000, 0x000000068ec00000|  0%| F|  |TAMS 0x000000068e800000, 0x000000068e800000| Untracked 
|  45|0x000000068ec00000, 0x000000068ec00000, 0x000000068f000000|  0%| F|  |TAMS 0x000000068ec00000, 0x000000068ec00000| Untracked 
|  46|0x000000068f000000, 0x000000068f000000, 0x000000068f400000|  0%| F|  |TAMS 0x000000068f000000, 0x000000068f000000| Untracked 
|  47|0x000000068f400000, 0x000000068f400000, 0x000000068f800000|  0%| F|  |TAMS 0x000000068f400000, 0x000000068f400000| Untracked 
|  48|0x000000068f800000, 0x000000068f800000, 0x000000068fc00000|  0%| F|  |TAMS 0x000000068f800000, 0x000000068f800000| Untracked 
|  49|0x000000068fc00000, 0x000000068fc00000, 0x0000000690000000|  0%| F|  |TAMS 0x000000068fc00000, 0x000000068fc00000| Untracked 
|  50|0x0000000690000000, 0x0000000690000000, 0x0000000690400000|  0%| F|  |TAMS 0x0000000690000000, 0x0000000690000000| Untracked 
|  51|0x0000000690400000, 0x0000000690400000, 0x0000000690800000|  0%| F|  |TAMS 0x0000000690400000, 0x0000000690400000| Untracked 
|  52|0x0000000690800000, 0x0000000690800000, 0x0000000690c00000|  0%| F|  |TAMS 0x0000000690800000, 0x0000000690800000| Untracked 
|  53|0x0000000690c00000, 0x0000000690c00000, 0x0000000691000000|  0%| F|  |TAMS 0x0000000690c00000, 0x0000000690c00000| Untracked 
|  54|0x0000000691000000, 0x0000000691000000, 0x0000000691400000|  0%| F|  |TAMS 0x0000000691000000, 0x0000000691000000| Untracked 
|  55|0x0000000691400000, 0x0000000691400000, 0x0000000691800000|  0%| F|  |TAMS 0x0000000691400000, 0x0000000691400000| Untracked 
|  56|0x0000000691800000, 0x0000000691800000, 0x0000000691c00000|  0%| F|  |TAMS 0x0000000691800000, 0x0000000691800000| Untracked 
|  57|0x0000000691c00000, 0x0000000691c00000, 0x0000000692000000|  0%| F|  |TAMS 0x0000000691c00000, 0x0000000691c00000| Untracked 
|  58|0x0000000692000000, 0x0000000692000000, 0x0000000692400000|  0%| F|  |TAMS 0x0000000692000000, 0x0000000692000000| Untracked 
|  59|0x0000000692400000, 0x0000000692400000, 0x0000000692800000|  0%| F|  |TAMS 0x0000000692400000, 0x0000000692400000| Untracked 
|  60|0x0000000692800000, 0x0000000692800000, 0x0000000692c00000|  0%| F|  |TAMS 0x0000000692800000, 0x0000000692800000| Untracked 
|  61|0x0000000692c00000, 0x0000000692c00000, 0x0000000693000000|  0%| F|  |TAMS 0x0000000692c00000, 0x0000000692c00000| Untracked 
|  62|0x0000000693000000, 0x0000000693000000, 0x0000000693400000|  0%| F|  |TAMS 0x0000000693000000, 0x0000000693000000| Untracked 
|  63|0x0000000693400000, 0x0000000693400000, 0x0000000693800000|  0%| F|  |TAMS 0x0000000693400000, 0x0000000693400000| Untracked 
|  64|0x0000000693800000, 0x0000000693800000, 0x0000000693c00000|  0%| F|  |TAMS 0x0000000693800000, 0x0000000693800000| Untracked 
|  65|0x0000000693c00000, 0x0000000693c00000, 0x0000000694000000|  0%| F|  |TAMS 0x0000000693c00000, 0x0000000693c00000| Untracked 
|  66|0x0000000694000000, 0x0000000694000000, 0x0000000694400000|  0%| F|  |TAMS 0x0000000694000000, 0x0000000694000000| Untracked 
|  67|0x0000000694400000, 0x0000000694400000, 0x0000000694800000|  0%| F|  |TAMS 0x0000000694400000, 0x0000000694400000| Untracked 
|  68|0x0000000694800000, 0x0000000694800000, 0x0000000694c00000|  0%| F|  |TAMS 0x0000000694800000, 0x0000000694800000| Untracked 
|  69|0x0000000694c00000, 0x0000000694c00000, 0x0000000695000000|  0%| F|  |TAMS 0x0000000694c00000, 0x0000000694c00000| Untracked 
|  70|0x0000000695000000, 0x0000000695000000, 0x0000000695400000|  0%| F|  |TAMS 0x0000000695000000, 0x0000000695000000| Untracked 
|  71|0x0000000695400000, 0x0000000695400000, 0x0000000695800000|  0%| F|  |TAMS 0x0000000695400000, 0x0000000695400000| Untracked 
|  72|0x0000000695800000, 0x0000000695800000, 0x0000000695c00000|  0%| F|  |TAMS 0x0000000695800000, 0x0000000695800000| Untracked 
|  73|0x0000000695c00000, 0x0000000695c00000, 0x0000000696000000|  0%| F|  |TAMS 0x0000000695c00000, 0x0000000695c00000| Untracked 
|  74|0x0000000696000000, 0x0000000696000000, 0x0000000696400000|  0%| F|  |TAMS 0x0000000696000000, 0x0000000696000000| Untracked 
|  75|0x0000000696400000, 0x0000000696400000, 0x0000000696800000|  0%| F|  |TAMS 0x0000000696400000, 0x0000000696400000| Untracked 
|  76|0x0000000696800000, 0x0000000696800000, 0x0000000696c00000|  0%| F|  |TAMS 0x0000000696800000, 0x0000000696800000| Untracked 
|  77|0x0000000696c00000, 0x0000000696c00000, 0x0000000697000000|  0%| F|  |TAMS 0x0000000696c00000, 0x0000000696c00000| Untracked 
|  78|0x0000000697000000, 0x0000000697000000, 0x0000000697400000|  0%| F|  |TAMS 0x0000000697000000, 0x0000000697000000| Untracked 
|  79|0x0000000697400000, 0x0000000697400000, 0x0000000697800000|  0%| F|  |TAMS 0x0000000697400000, 0x0000000697400000| Untracked 
|  80|0x0000000697800000, 0x0000000697800000, 0x0000000697c00000|  0%| F|  |TAMS 0x0000000697800000, 0x0000000697800000| Untracked 
|  81|0x0000000697c00000, 0x0000000697c00000, 0x0000000698000000|  0%| F|  |TAMS 0x0000000697c00000, 0x0000000697c00000| Untracked 
|  82|0x0000000698000000, 0x0000000698000000, 0x0000000698400000|  0%| F|  |TAMS 0x0000000698000000, 0x0000000698000000| Untracked 
|  83|0x0000000698400000, 0x0000000698400000, 0x0000000698800000|  0%| F|  |TAMS 0x0000000698400000, 0x0000000698400000| Untracked 
|  84|0x0000000698800000, 0x0000000698800000, 0x0000000698c00000|  0%| F|  |TAMS 0x0000000698800000, 0x0000000698800000| Untracked 
|  85|0x0000000698c00000, 0x0000000698c00000, 0x0000000699000000|  0%| F|  |TAMS 0x0000000698c00000, 0x0000000698c00000| Untracked 
|  86|0x0000000699000000, 0x0000000699000000, 0x0000000699400000|  0%| F|  |TAMS 0x0000000699000000, 0x0000000699000000| Untracked 
|  87|0x0000000699400000, 0x0000000699408ea0, 0x0000000699800000|  0%| E|  |TAMS 0x0000000699400000, 0x0000000699400000| Complete 
|  88|0x0000000699800000, 0x0000000699c00000, 0x0000000699c00000|100%| E|CS|TAMS 0x0000000699800000, 0x0000000699800000| Complete 
|  89|0x0000000699c00000, 0x000000069a000000, 0x000000069a000000|100%| E|CS|TAMS 0x0000000699c00000, 0x0000000699c00000| Complete 
|  90|0x000000069a000000, 0x000000069a400000, 0x000000069a400000|100%| E|CS|TAMS 0x000000069a000000, 0x000000069a000000| Complete 
|  91|0x000000069a400000, 0x000000069a800000, 0x000000069a800000|100%| E|CS|TAMS 0x000000069a400000, 0x000000069a400000| Complete 
|  92|0x000000069a800000, 0x000000069a959d50, 0x000000069ac00000| 33%| S|CS|TAMS 0x000000069a800000, 0x000000069a800000| Complete 
|  93|0x000000069ac00000, 0x000000069b000000, 0x000000069b000000|100%| E|CS|TAMS 0x000000069ac00000, 0x000000069ac00000| Complete 
|  94|0x000000069b000000, 0x000000069b400000, 0x000000069b400000|100%| E|CS|TAMS 0x000000069b000000, 0x000000069b000000| Complete 
|  95|0x000000069b400000, 0x000000069b800000, 0x000000069b800000|100%| E|CS|TAMS 0x000000069b400000, 0x000000069b400000| Complete 

Card table byte_map: [0x000001eaa7b60000,0x000001eaa8750000] _byte_map_base: 0x000001eaa4744000

Marking Bits (Prev, Next): (CMBitMap*) 0x000001ea90241140, (CMBitMap*) 0x000001ea90241180
 Prev Bits: [0x000001eaa9340000, 0x000001eaaf260000)
 Next Bits: [0x000001eaaf260000, 0x000001eab5180000)

Polling page: 0x000001ea8de30000

Metaspace:

Usage:
  Non-class:     12.96 MB used.
      Class:      1.82 MB used.
       Both:     14.78 MB used.

Virtual space:
  Non-class space:       64.00 MB reserved,      13.06 MB ( 20%) committed,  1 nodes.
      Class space:        1.00 GB reserved,       1.94 MB ( <1%) committed,  1 nodes.
             Both:        1.06 GB reserved,      15.00 MB (  1%) committed. 

Chunk freelists:
   Non-Class:  2.91 MB
       Class:  14.00 MB
        Both:  16.91 MB

MaxMetaspaceSize: unlimited
CompressedClassSpaceSize: 1.00 GB
Initial GC threshold: 21.00 MB
Current GC threshold: 21.00 MB
CDS: on
MetaspaceReclaimPolicy: balanced
 - commit_granule_bytes: 65536.
 - commit_granule_words: 8192.
 - virtual_space_node_default_size: 8388608.
 - enlarge_chunks_in_place: 1.
 - new_chunks_are_fully_committed: 0.
 - uncommit_free_chunks: 1.
 - use_allocation_guard: 0.
 - handle_deallocations: 1.


Internal statistics:

num_allocs_failed_limit: 0.
num_arena_births: 210.
num_arena_deaths: 0.
num_vsnodes_births: 2.
num_vsnodes_deaths: 0.
num_space_committed: 240.
num_space_uncommitted: 0.
num_chunks_returned_to_freelist: 0.
num_chunks_taken_from_freelist: 698.
num_chunk_merges: 0.
num_chunk_splits: 476.
num_chunks_enlarged: 378.
num_inconsistent_stats: 0.

CodeHeap 'non-profiled nmethods': size=120000Kb used=717Kb max_used=717Kb free=119282Kb
 bounds [0x000001ea9f510000, 0x000001ea9f780000, 0x000001eaa6a40000]
CodeHeap 'profiled nmethods': size=120000Kb used=3540Kb max_used=3540Kb free=116459Kb
 bounds [0x000001ea97a40000, 0x000001ea97dc0000, 0x000001ea9ef70000]
CodeHeap 'non-nmethods': size=5760Kb used=1198Kb max_used=1209Kb free=4561Kb
 bounds [0x000001ea9ef70000, 0x000001ea9f1e0000, 0x000001ea9f510000]
 total_blobs=2393 nmethods=1900 adapters=405
 compilation: enabled
              stopped_count=0, restarted_count=0
 full_count=0

Compilation events (20 events):
Event: 2.157 Thread 0x000001eab7a91ea0 nmethod 1864 0x000001ea97d9b290 code [0x000001ea97d9b5a0, 0x000001ea97d9c708]
Event: 2.157 Thread 0x000001eab7a91ea0 1865       3       java.util.HashSet::contains (9 bytes)
Event: 2.157 Thread 0x000001eab7a91ea0 nmethod 1865 0x000001ea97d9cc10 code [0x000001ea97d9cdc0, 0x000001ea97d9cfa8]
Event: 2.159 Thread 0x000001eab7a91ea0 1866       3       java.util.EnumSet::noneOf (63 bytes)
Event: 2.160 Thread 0x000001eab7a91ea0 nmethod 1866 0x000001ea97d9d090 code [0x000001ea97d9d360, 0x000001ea97d9e1e8]
Event: 2.160 Thread 0x000001eab7a91ea0 1871       3       java.util.ArrayList::indexOfRange (71 bytes)
Event: 2.161 Thread 0x000001eab7a91ea0 nmethod 1871 0x000001ea97d9e710 code [0x000001ea97d9e8e0, 0x000001ea97d9eda8]
Event: 2.161 Thread 0x000001eab7a91ea0 1869       3       java.util.ArrayList::contains (14 bytes)
Event: 2.161 Thread 0x000001eab7a91ea0 nmethod 1869 0x000001ea97d9ef90 code [0x000001ea97d9f140, 0x000001ea97d9f368]
Event: 2.161 Thread 0x000001eab7a91ea0 1870       3       java.util.ArrayList::indexOf (11 bytes)
Event: 2.161 Thread 0x000001eab7a91ea0 nmethod 1870 0x000001ea97d9f490 code [0x000001ea97d9f640, 0x000001ea97d9f788]
Event: 2.161 Thread 0x000001eab7a91ea0 1868       3       java.lang.reflect.Method::hashCode (19 bytes)
Event: 2.162 Thread 0x000001eab7a91ea0 nmethod 1868 0x000001ea97d9f810 code [0x000001ea97d9f9e0, 0x000001ea97d9fca8]
Event: 2.162 Thread 0x000001eab7a91ea0 1872       1       org.springframework.core.annotation.AnnotationTypeMapping::getAttributes (5 bytes)
Event: 2.162 Thread 0x000001eab7a91ea0 nmethod 1872 0x000001ea9f5c2110 code [0x000001ea9f5c22a0, 0x000001ea9f5c2378]
Event: 2.162 Thread 0x000001eab7a91ea0 1867       3       java.util.EnumSet::getUniverse (10 bytes)
Event: 2.162 Thread 0x000001eab7a91ea0 nmethod 1867 0x000001ea97d9fe10 code [0x000001ea97d9ffe0, 0x000001ea97da0308]
Event: 2.163 Thread 0x000001eab7a91ea0 1873       3       java.lang.Class::privateGetDeclaredMethods (64 bytes)
Event: 2.163 Thread 0x000001eab7a91ea0 nmethod 1873 0x000001ea97da0490 code [0x000001ea97da06c0, 0x000001ea97da0ed8]
Event: 2.165 Thread 0x000001eab7a91ea0 1874       3       jdk.internal.loader.AbstractClassLoaderValue$Sub::hashCode (19 bytes)

GC Heap History (4 events):
Event: 0.960 GC heap before
{Heap before GC invocations=0 (full 0):
 garbage-first heap   total 393216K, used 20480K [0x0000000683800000, 0x0000000800000000)
  region size 4096K, 5 young (20480K), 0 survivors (0K)
 Metaspace       used 4577K, committed 4800K, reserved 1114112K
  class space    used 512K, committed 640K, reserved 1048576K
}
Event: 0.967 GC heap after
{Heap after GC invocations=1 (full 0):
 garbage-first heap   total 393216K, used 6761K [0x0000000683800000, 0x0000000800000000)
  region size 4096K, 1 young (4096K), 1 survivors (4096K)
 Metaspace       used 4577K, committed 4800K, reserved 1114112K
  class space    used 512K, committed 640K, reserved 1048576K
}
Event: 1.466 GC heap before
{Heap before GC invocations=1 (full 0):
 garbage-first heap   total 393216K, used 19049K [0x0000000683800000, 0x0000000800000000)
  region size 4096K, 4 young (16384K), 1 survivors (4096K)
 Metaspace       used 8075K, committed 8320K, reserved 1114112K
  class space    used 992K, committed 1088K, reserved 1048576K
}
Event: 1.470 GC heap after
{Heap after GC invocations=2 (full 0):
 garbage-first heap   total 393216K, used 7897K [0x0000000683800000, 0x0000000800000000)
  region size 4096K, 1 young (4096K), 1 survivors (4096K)
 Metaspace       used 8075K, committed 8320K, reserved 1114112K
  class space    used 992K, committed 1088K, reserved 1048576K
}

Deoptimization events (20 events):
Event: 2.032 Thread 0x000001eab7b98200 Uncommon trap: trap_request=0xffffff45 fr.pc=0x000001ea9f587e1c relative=0x0000000000000ffc
Event: 2.032 Thread 0x000001eab7b98200 Uncommon trap: reason=unstable_if action=reinterpret pc=0x000001ea9f587e1c method=java.util.concurrent.ConcurrentHashMap.addCount(JI)V @ 171 c2
Event: 2.032 Thread 0x000001eab7b98200 DEOPT PACKING pc=0x000001ea9f587e1c sp=0x00000001628f7d50
Event: 2.032 Thread 0x000001eab7b98200 DEOPT UNPACKING pc=0x000001ea9efc23a3 sp=0x00000001628f7c10 mode 2
Event: 2.038 Thread 0x000001eab7b98200 Uncommon trap: trap_request=0xffffff45 fr.pc=0x000001ea9f58963c relative=0x000000000000017c
Event: 2.038 Thread 0x000001eab7b98200 Uncommon trap: reason=unstable_if action=reinterpret pc=0x000001ea9f58963c method=java.util.concurrent.ConcurrentHashMap.addCount(JI)V @ 34 c2
Event: 2.038 Thread 0x000001eab7b98200 DEOPT PACKING pc=0x000001ea9f58963c sp=0x00000001628f9580
Event: 2.038 Thread 0x000001eab7b98200 DEOPT UNPACKING pc=0x000001ea9efc23a3 sp=0x00000001628f94e0 mode 2
Event: 2.093 Thread 0x000001ea90218eb0 Uncommon trap: trap_request=0xffffff45 fr.pc=0x000001ea9f561130 relative=0x0000000000001350
Event: 2.093 Thread 0x000001ea90218eb0 Uncommon trap: reason=unstable_if action=reinterpret pc=0x000001ea9f561130 method=java.io.WinNTFileSystem.normalize(Ljava/lang/String;II)Ljava/lang/String; @ 87 c2
Event: 2.093 Thread 0x000001ea90218eb0 DEOPT PACKING pc=0x000001ea9f561130 sp=0x00000001617fe740
Event: 2.093 Thread 0x000001ea90218eb0 DEOPT UNPACKING pc=0x000001ea9efc23a3 sp=0x00000001617fe688 mode 2
Event: 2.106 Thread 0x000001eab7b98200 Uncommon trap: trap_request=0xffffff45 fr.pc=0x000001ea9f562448 relative=0x0000000000000048
Event: 2.106 Thread 0x000001eab7b98200 Uncommon trap: reason=unstable_if action=reinterpret pc=0x000001ea9f562448 method=java.lang.CharacterData.of(I)Ljava/lang/CharacterData; @ 4 c2
Event: 2.106 Thread 0x000001eab7b98200 DEOPT PACKING pc=0x000001ea9f562448 sp=0x00000001628fd460
Event: 2.106 Thread 0x000001eab7b98200 DEOPT UNPACKING pc=0x000001ea9efc23a3 sp=0x00000001628fd3f8 mode 2
Event: 2.139 Thread 0x000001ea90218eb0 Uncommon trap: trap_request=0xffffff45 fr.pc=0x000001ea9f5826fc relative=0x00000000000002dc
Event: 2.139 Thread 0x000001ea90218eb0 Uncommon trap: reason=unstable_if action=reinterpret pc=0x000001ea9f5826fc method=jdk.internal.org.objectweb.asm.SymbolTable.put(Ljdk/internal/org/objectweb/asm/SymbolTable$Entry;)Ljdk/internal/org/objectweb/asm/SymbolTable$Entry; @ 13 c2
Event: 2.140 Thread 0x000001ea90218eb0 DEOPT PACKING pc=0x000001ea9f5826fc sp=0x00000001617fd230
Event: 2.140 Thread 0x000001ea90218eb0 DEOPT UNPACKING pc=0x000001ea9efc23a3 sp=0x00000001617fd1b0 mode 2

Classes unloaded (0 events):
No events

Classes redefined (0 events):
No events

Internal exceptions (20 events):
Event: 1.452 Thread 0x000001ea90218eb0 Exception <a 'java/lang/NoSuchMethodError'{0x000000069afbbba0}: 'void java.lang.invoke.DirectMethodHandle$Holder.invokeSpecial(java.lang.Object, java.lang.Object, java.lang.Object, java.lang.Object, java.lang.Object, java.lang.Object)'> (0x000000069afbbba0) 
thrown [s\open\src\hotspot\share\interpreter\linkResolver.cpp, line 759]
Event: 1.485 Thread 0x000001ea90218eb0 Exception <a 'java/lang/NoSuchMethodError'{0x000000069b458870}: 'java.lang.Object java.lang.invoke.DirectMethodHandle$Holder.invokeSpecial(java.lang.Object, java.lang.Object, java.lang.Object, int, java.lang.Object)'> (0x000000069b458870) 
thrown [s\open\src\hotspot\share\interpreter\linkResolver.cpp, line 759]
Event: 1.486 Thread 0x000001ea90218eb0 Exception <a 'java/lang/NoSuchMethodError'{0x000000069b460ed0}: 'java.lang.Object java.lang.invoke.DirectMethodHandle$Holder.newInvokeSpecial(java.lang.Object, java.lang.Object, java.lang.Object, int, java.lang.Object)'> (0x000000069b460ed0) 
thrown [s\open\src\hotspot\share\interpreter\linkResolver.cpp, line 759]
Event: 1.487 Thread 0x000001ea90218eb0 Exception <a 'java/lang/NoSuchMethodError'{0x000000069b4688a0}: 'java.lang.Object java.lang.invoke.Invokers$Holder.linkToTargetMethod(java.lang.Object, java.lang.Object, int, java.lang.Object, java.lang.Object)'> (0x000000069b4688a0) 
thrown [s\open\src\hotspot\share\interpreter\linkResolver.cpp, line 759]
Event: 1.489 Thread 0x000001ea90218eb0 Exception <a 'java/lang/NoSuchMethodError'{0x000000069b477470}: 'java.lang.Object java.lang.invoke.DirectMethodHandle$Holder.newInvokeSpecial(java.lang.Object, int, java.lang.Object)'> (0x000000069b477470) 
thrown [s\open\src\hotspot\share\interpreter\linkResolver.cpp, line 759]
Event: 1.490 Thread 0x000001ea90218eb0 Exception <a 'java/lang/NoSuchMethodError'{0x000000069b47c258}: 'int java.lang.invoke.DirectMethodHandle$Holder.invokeSpecialIFC(java.lang.Object, java.lang.Object, java.lang.Object, java.lang.Object)'> (0x000000069b47c258) 
thrown [s\open\src\hotspot\share\interpreter\linkResolver.cpp, line 759]
Event: 1.526 Thread 0x000001ea90218eb0 Exception <a 'java/lang/NoSuchMethodError'{0x000000069b57beb0}: 'void java.lang.invoke.DirectMethodHandle$Holder.invokeInterface(java.lang.Object, java.lang.Object, java.lang.Object)'> (0x000000069b57beb0) 
thrown [s\open\src\hotspot\share\interpreter\linkResolver.cpp, line 759]
Event: 1.569 Thread 0x000001ea90218eb0 Exception <a 'java/lang/NoSuchMethodError'{0x000000069b6105c8}: 'java.lang.Object java.lang.invoke.DirectMethodHandle$Holder.invokeStatic(java.lang.Object, java.lang.Object, int)'> (0x000000069b6105c8) 
thrown [s\open\src\hotspot\share\interpreter\linkResolver.cpp, line 759]
Event: 1.571 Thread 0x000001ea90218eb0 Exception <a 'java/lang/NoSuchMethodError'{0x000000069b61c060}: 'void java.lang.invoke.DelegatingMethodHandle$Holder.delegate(java.lang.Object, java.lang.Object, int, java.lang.Object)'> (0x000000069b61c060) 
thrown [s\open\src\hotspot\share\interpreter\linkResolver.cpp, line 759]
Event: 1.895 Thread 0x000001ea90218eb0 Exception <a 'java/lang/NoSuchMethodError'{0x000000069b74c038}: 'void java.lang.invoke.DirectMethodHandle$Holder.invokeStaticInit(java.lang.Object, java.lang.Object, java.lang.Object)'> (0x000000069b74c038) 
thrown [s\open\src\hotspot\share\interpreter\linkResolver.cpp, line 759]
Event: 1.899 Thread 0x000001ea90218eb0 Exception <a 'java/lang/NoSuchMethodError'{0x000000069b767038}: 'java.lang.Object java.lang.invoke.DirectMethodHandle$Holder.invokeVirtual(java.lang.Object, java.lang.Object, java.lang.Object)'> (0x000000069b767038) 
thrown [s\open\src\hotspot\share\interpreter\linkResolver.cpp, line 759]
Event: 1.904 Thread 0x000001ea90218eb0 Exception <a 'java/lang/NoSuchMethodError'{0x000000069b787db8}: 'java.lang.Object java.lang.invoke.DirectMethodHandle$Holder.invokeStatic(java.lang.Object, java.lang.Object, long, java.lang.Object)'> (0x000000069b787db8) 
thrown [s\open\src\hotspot\share\interpreter\linkResolver.cpp, line 759]
Event: 1.904 Thread 0x000001ea90218eb0 Exception <a 'java/lang/NoSuchMethodError'{0x000000069b78b850}: 'java.lang.Object java.lang.invoke.DirectMethodHandle$Holder.invokeStaticInit(java.lang.Object, java.lang.Object, long, java.lang.Object)'> (0x000000069b78b850) 
thrown [s\open\src\hotspot\share\interpreter\linkResolver.cpp, line 759]
Event: 1.904 Thread 0x000001ea90218eb0 Exception <a 'java/lang/NoSuchMethodError'{0x000000069b791b80}: 'java.lang.Object java.lang.invoke.DirectMethodHandle$Holder.newInvokeSpecial(java.lang.Object, java.lang.Object, long)'> (0x000000069b791b80) 
thrown [s\open\src\hotspot\share\interpreter\linkResolver.cpp, line 759]
Event: 1.905 Thread 0x000001ea90218eb0 Exception <a 'java/lang/NoSuchMethodError'{0x000000069b7956f0}: 'java.lang.Object java.lang.invoke.Invokers$Holder.linkToTargetMethod(java.lang.Object, long, java.lang.Object)'> (0x000000069b7956f0) 
thrown [s\open\src\hotspot\share\interpreter\linkResolver.cpp, line 759]
Event: 1.920 Thread 0x000001ea90218eb0 Exception <a 'java/lang/NoSuchMethodError'{0x000000069b7e3040}: 'void java.lang.invoke.DirectMethodHandle$Holder.invokeVirtual(java.lang.Object, java.lang.Object, java.lang.Object, java.lang.Object)'> (0x000000069b7e3040) 
thrown [s\open\src\hotspot\share\interpreter\linkResolver.cpp, line 759]
Event: 1.961 Thread 0x000001ea90218eb0 Exception <a 'java/lang/NoSuchMethodError'{0x000000069b132e90}: 'void java.lang.invoke.DirectMethodHandle$Holder.invokeSpecial(java.lang.Object, java.lang.Object, java.lang.Object)'> (0x000000069b132e90) 
thrown [s\open\src\hotspot\share\interpreter\linkResolver.cpp, line 759]
Event: 1.967 Thread 0x000001ea90218eb0 Exception <a 'java/lang/IncompatibleClassChangeError'{0x000000069b15b080}: Found class java.lang.Object, but interface was expected> (0x000000069b15b080) 
thrown [s\open\src\hotspot\share\interpreter\linkResolver.cpp, line 826]
Event: 1.968 Thread 0x000001eab7b98200 Exception <a 'java/lang/NoClassDefFoundError'{0x000000069b17a688}: jakarta/validation/Validation> (0x000000069b17a688) 
thrown [s\open\src\hotspot\share\classfile\systemDictionary.cpp, line 245]
Event: 2.097 Thread 0x000001ea90218eb0 Exception <a 'java/lang/NoSuchMethodError'{0x000000069a7aa958}: 'java.lang.Object java.lang.invoke.DirectMethodHandle$Holder.invokeStatic(java.lang.Object, int, java.lang.Object)'> (0x000000069a7aa958) 
thrown [s\open\src\hotspot\share\interpreter\linkResolver.cpp, line 759]

VM Operations (20 events):
Event: 1.045 Executing VM operation: HandshakeAllThreads
Event: 1.045 Executing VM operation: HandshakeAllThreads done
Event: 1.363 Executing VM operation: HandshakeAllThreads
Event: 1.363 Executing VM operation: HandshakeAllThreads done
Event: 1.466 Executing VM operation: G1CollectForAllocation
Event: 1.470 Executing VM operation: G1CollectForAllocation done
Event: 1.569 Executing VM operation: HandshakeAllThreads
Event: 1.569 Executing VM operation: HandshakeAllThreads done
Event: 1.594 Executing VM operation: HandshakeAllThreads
Event: 1.594 Executing VM operation: HandshakeAllThreads done
Event: 1.953 Executing VM operation: HandshakeAllThreads
Event: 1.953 Executing VM operation: HandshakeAllThreads done
Event: 1.958 Executing VM operation: HandshakeAllThreads
Event: 1.958 Executing VM operation: HandshakeAllThreads done
Event: 1.958 Executing VM operation: HandshakeAllThreads
Event: 1.958 Executing VM operation: HandshakeAllThreads done
Event: 2.106 Executing VM operation: HandshakeAllThreads
Event: 2.106 Executing VM operation: HandshakeAllThreads done
Event: 2.129 Executing VM operation: ICBufferFull
Event: 2.129 Executing VM operation: ICBufferFull done

Events (20 events):
Event: 2.125 loading class jdk/internal/reflect/ByteVectorImpl done
Event: 2.125 loading class jdk/internal/reflect/ClassFileAssembler
Event: 2.125 loading class jdk/internal/reflect/ClassFileAssembler done
Event: 2.125 loading class jdk/internal/reflect/UTF8
Event: 2.125 loading class jdk/internal/reflect/UTF8 done
Event: 2.126 loading class jdk/internal/reflect/Label
Event: 2.126 loading class jdk/internal/reflect/Label done
Event: 2.126 loading class jdk/internal/reflect/Label$PatchInfo
Event: 2.126 loading class jdk/internal/reflect/Label$PatchInfo done
Event: 2.126 loading class jdk/internal/reflect/MethodAccessorGenerator$1
Event: 2.126 loading class jdk/internal/reflect/MethodAccessorGenerator$1 done
Event: 2.126 loading class jdk/internal/reflect/ClassDefiner
Event: 2.126 loading class jdk/internal/reflect/ClassDefiner done
Event: 2.126 loading class jdk/internal/reflect/ClassDefiner$1
Event: 2.126 loading class jdk/internal/reflect/ClassDefiner$1 done
Event: 2.127 loading class jdk/internal/reflect/BootstrapConstructorAccessorImpl
Event: 2.127 loading class jdk/internal/reflect/BootstrapConstructorAccessorImpl done
Event: 2.133 Thread 0x000001eafeb10b50 Thread added: 0x000001eafeb10b50
Event: 2.135 loading class java/lang/annotation/Repeatable
Event: 2.135 loading class java/lang/annotation/Repeatable done


Dynamic libraries:
0x00007ff6db2c0000 - 0x00007ff6db2d0000 	C:\Program Files\Java\jdk-17\bin\java.exe
0x00007ffb849b0000 - 0x00007ffb84ba8000 	C:\Windows\SYSTEM32\ntdll.dll
0x00007ffb84060000 - 0x00007ffb8411d000 	C:\Windows\System32\KERNEL32.DLL
0x00007ffb821d0000 - 0x00007ffb824c6000 	C:\Windows\System32\KERNELBASE.dll
0x00007ffb824d0000 - 0x00007ffb825d0000 	C:\Windows\System32\ucrtbase.dll
0x00007ffb7a720000 - 0x00007ffb7a739000 	C:\Program Files\Java\jdk-17\bin\jli.dll
0x00007ffb7a700000 - 0x00007ffb7a71b000 	C:\Program Files\Java\jdk-17\bin\VCRUNTIME140.dll
0x00007ffb82bc0000 - 0x00007ffb82c70000 	C:\Windows\System32\ADVAPI32.dll
0x00007ffb847f0000 - 0x00007ffb8488e000 	C:\Windows\System32\msvcrt.dll
0x00007ffb83fc0000 - 0x00007ffb84060000 	C:\Windows\System32\sechost.dll
0x00007ffb845f0000 - 0x00007ffb84715000 	C:\Windows\System32\RPCRT4.dll
0x00007ffb82900000 - 0x00007ffb82927000 	C:\Windows\System32\bcrypt.dll
0x00007ffb836d0000 - 0x00007ffb8386e000 	C:\Windows\System32\USER32.dll
0x00007ffb74ce0000 - 0x00007ffb74f7a000 	C:\Windows\WinSxS\amd64_microsoft.windows.common-controls_6595b64144ccf1df_6.0.19041.3636_none_60b6a03d71f818d5\COMCTL32.dll
0x00007ffb82830000 - 0x00007ffb82852000 	C:\Windows\System32\win32u.dll
0x00007ffb82b90000 - 0x00007ffb82bbb000 	C:\Windows\System32\GDI32.dll
0x00007ffb820b0000 - 0x00007ffb821c7000 	C:\Windows\System32\gdi32full.dll
0x00007ffb82860000 - 0x00007ffb828fd000 	C:\Windows\System32\msvcp_win.dll
0x00007ffb80970000 - 0x00007ffb8097a000 	C:\Windows\SYSTEM32\VERSION.dll
0x00007ffb83950000 - 0x00007ffb83982000 	C:\Windows\System32\IMM32.DLL
0x00007ffb80980000 - 0x00007ffb809b0000 	C:\Windows\system32\DriverStore\FileRepository\nvlt.inf_amd64_d8048c8cf9921ace\nvinitx.dll
0x00007ffb82eb0000 - 0x00007ffb8361b000 	C:\Windows\System32\Shell32.dll
0x00007ffb80090000 - 0x00007ffb8082e000 	C:\Windows\SYSTEM32\windows.storage.dll
0x00007ffb84210000 - 0x00007ffb84563000 	C:\Windows\System32\combase.dll
0x00007ffb819b0000 - 0x00007ffb819de000 	C:\Windows\SYSTEM32\Wldp.dll
0x00007ffb84720000 - 0x00007ffb847ed000 	C:\Windows\System32\OLEAUT32.dll
0x00007ffb82e00000 - 0x00007ffb82ead000 	C:\Windows\System32\SHCORE.dll
0x00007ffb83f40000 - 0x00007ffb83f95000 	C:\Windows\System32\shlwapi.dll
0x0000000057960000 - 0x0000000057966000 	C:\Program Files\NVIDIA Corporation\CoProcManager\_etoured.dll
0x00007ffb79b10000 - 0x00007ffb79b4b000 	C:\Program Files\NVIDIA Corporation\CoProcManager\nvd3d9wrapx.dll
0x00007ffb83990000 - 0x00007ffb83dfe000 	C:\Windows\System32\SETUPAPI.dll
0x00007ffb82060000 - 0x00007ffb820ae000 	C:\Windows\System32\cfgmgr32.dll
0x00007ffb79ae0000 - 0x00007ffb79b04000 	C:\Program Files\NVIDIA Corporation\CoProcManager\nvdxgiwrapx.dll
0x00007ffb7f5e0000 - 0x00007ffb7f5ec000 	C:\Program Files\Java\jdk-17\bin\vcruntime140_1.dll
0x00007ffb63dd0000 - 0x00007ffb63e5e000 	C:\Program Files\Java\jdk-17\bin\msvcp140.dll
0x00007ffb32e30000 - 0x00007ffb33a11000 	C:\Program Files\Java\jdk-17\bin\server\jvm.dll
0x00007ffb83e00000 - 0x00007ffb83e08000 	C:\Windows\System32\PSAPI.DLL
0x00007ffb75630000 - 0x00007ffb75657000 	C:\Windows\SYSTEM32\WINMM.dll
0x00007ffb80030000 - 0x00007ffb80039000 	C:\Windows\SYSTEM32\WSOCK32.dll
0x00007ffb838e0000 - 0x00007ffb8394b000 	C:\Windows\System32\WS2_32.dll
0x00007ffb80070000 - 0x00007ffb80082000 	C:\Windows\SYSTEM32\kernel.appcore.dll
0x00007ffb7a970000 - 0x00007ffb7a97a000 	C:\Program Files\Java\jdk-17\bin\jimage.dll
0x00007ffb7f0d0000 - 0x00007ffb7f2b4000 	C:\Windows\SYSTEM32\DBGHELP.DLL
0x00007ffb7f090000 - 0x00007ffb7f0c4000 	C:\Windows\SYSTEM32\dbgcore.DLL
0x00007ffb82730000 - 0x00007ffb827b2000 	C:\Windows\System32\bcryptPrimitives.dll
0x00007ffb7f6d0000 - 0x00007ffb7f6de000 	C:\Program Files\Java\jdk-17\bin\instrument.dll
0x00007ffb64a40000 - 0x00007ffb64a65000 	C:\Program Files\Java\jdk-17\bin\java.dll
0x00007ffb638e0000 - 0x00007ffb639b7000 	C:\Program Files\Java\jdk-17\bin\jsvml.dll
0x00007ffb81f90000 - 0x00007ffb81fb5000 	C:\Windows\SYSTEM32\profapi.dll
0x00007ffb64910000 - 0x00007ffb64928000 	C:\Program Files\Java\jdk-17\bin\zip.dll
0x00007ffb6cd80000 - 0x00007ffb6cd99000 	C:\Program Files\Java\jdk-17\bin\net.dll
0x00007ffb76bb0000 - 0x00007ffb76cba000 	C:\Windows\SYSTEM32\WINHTTP.dll
0x00007ffb81790000 - 0x00007ffb817fa000 	C:\Windows\system32\mswsock.dll
0x00007ffb64a20000 - 0x00007ffb64a36000 	C:\Program Files\Java\jdk-17\bin\nio.dll
0x00007ffb7f6a0000 - 0x00007ffb7f6ba000 	C:\Program Files\JetBrains\IntelliJ IDEA Community Edition 2022.2.2\bin\breakgen64.dll
0x00007ffb81450000 - 0x00007ffb8148b000 	C:\Windows\SYSTEM32\IPHLPAPI.DLL
0x00007ffb838d0000 - 0x00007ffb838d8000 	C:\Windows\System32\NSI.dll
0x00007ffb7d8b0000 - 0x00007ffb7d8c7000 	C:\Windows\SYSTEM32\dhcpcsvc6.DLL
0x00007ffb7d890000 - 0x00007ffb7d8ad000 	C:\Windows\SYSTEM32\dhcpcsvc.DLL
0x00007ffb81490000 - 0x00007ffb8155b000 	C:\Windows\SYSTEM32\DNSAPI.dll
0x00007ffb74300000 - 0x00007ffb7430a000 	C:\Windows\System32\rasadhlp.dll
0x00007ffb746a0000 - 0x00007ffb74720000 	C:\Windows\System32\fwpuclnt.dll

dbghelp: loaded successfully - version: 4.0.5 - missing functions: none
symbol engine: initialized successfully - sym options: 0x614 - pdb path: .;C:\Program Files\Java\jdk-17\bin;C:\Windows\SYSTEM32;C:\Windows\WinSxS\amd64_microsoft.windows.common-controls_6595b64144ccf1df_6.0.19041.3636_none_60b6a03d71f818d5;C:\Windows\system32\DriverStore\FileRepository\nvlt.inf_amd64_d8048c8cf9921ace;C:\Program Files\NVIDIA Corporation\CoProcManager;C:\Program Files\Java\jdk-17\bin\server;C:\Program Files\JetBrains\IntelliJ IDEA Community Edition 2022.2.2\bin

VM Arguments:
jvm_args: -javaagent:C:\Program Files\JetBrains\IntelliJ IDEA Community Edition 2022.2.2\lib\idea_rt.jar=49221:C:\Program Files\JetBrains\IntelliJ IDEA Community Edition 2022.2.2\bin -Dfile.encoding=UTF-8 
java_command: com.majortomdev.order.OrderApplication
java_class_path (initial): C:\dev\FullStackRestaurantMS\order\target\classes;C:\Users\user\.m2\repository\org\springframework\boot\spring-boot-starter-data-mongodb\3.2.4\spring-boot-starter-data-mongodb-3.2.4.jar;C:\Users\user\.m2\repository\org\springframework\boot\spring-boot-starter\3.2.4\spring-boot-starter-3.2.4.jar;C:\Users\user\.m2\repository\org\springframework\boot\spring-boot\3.2.4\spring-boot-3.2.4.jar;C:\Users\user\.m2\repository\org\springframework\boot\spring-boot-autoconfigure\3.2.4\spring-boot-autoconfigure-3.2.4.jar;C:\Users\user\.m2\repository\org\springframework\boot\spring-boot-starter-logging\3.2.4\spring-boot-starter-logging-3.2.4.jar;C:\Users\user\.m2\repository\ch\qos\logback\logback-classic\1.4.14\logback-classic-1.4.14.jar;C:\Users\user\.m2\repository\ch\qos\logback\logback-core\1.4.14\logback-core-1.4.14.jar;C:\Users\user\.m2\repository\org\apache\logging\log4j\log4j-to-slf4j\2.21.1\log4j-to-slf4j-2.21.1.jar;C:\Users\user\.m2\repository\org\apache\logging\log4j\log4j-api\2.21.1\log4j-api-2.21.1.jar;C:\Users\user\.m2\repository\org\slf4j\jul-to-slf4j\2.0.12\jul-to-slf4j-2.0.12.jar;C:\Users\user\.m2\repository\jakarta\annotation\jakarta.annotation-api\2.1.1\jakarta.annotation-api-2.1.1.jar;C:\Users\user\.m2\repository\org\yaml\snakeyaml\2.2\snakeyaml-2.2.jar;C:\Users\user\.m2\repository\org\mongodb\mongodb-driver-sync\4.11.1\mongodb-driver-sync-4.11.1.jar;C:\Users\user\.m2\repository\org\mongodb\bson\4.11.1\bson-4.11.1.jar;C:\Users\user\.m2\repository\org\mongodb\mongodb-driver-core\4.11.1\mongodb-driver-core-4.11.1.jar;C:\Users\user\.m2\repository\org\mongodb\bson-record-codec\4.11.1\bson-record-codec-4.11.1.jar;C:\Users\user\.m2\repository\org\springframework\data\spring-data-mongodb\4.2.4\spring-data-mongodb-4.2.4.jar;C:\Users\user\.m2\repository\org\springframework\spring-tx\6.1.5\spring-tx-6.1.5.jar;C:\Users\user\.m2\repository\org\springframework\spring-context\6.1.5\spring-context-6.1.5.jar;C:\Users\user\.m2\repository\org\springfra
Launcher Type: SUN_STANDARD

[Global flags]
     intx CICompilerCount                          = 4                                         {product} {ergonomic}
     uint ConcGCThreads                            = 2                                         {product} {ergonomic}
     uint G1ConcRefinementThreads                  = 8                                         {product} {ergonomic}
   size_t G1HeapRegionSize                         = 4194304                                   {product} {ergonomic}
    uintx GCDrainStackTargetSize                   = 64                                        {product} {ergonomic}
   size_t InitialHeapSize                          = 402653184                                 {product} {ergonomic}
   size_t MarkStackSize                            = 4194304                                   {product} {ergonomic}
   size_t MaxHeapSize                              = 6383730688                                {product} {ergonomic}
   size_t MaxNewSize                               = 3829399552                                {product} {ergonomic}
   size_t MinHeapDeltaBytes                        = 4194304                                   {product} {ergonomic}
   size_t MinHeapSize                              = 8388608                                   {product} {ergonomic}
    uintx NonNMethodCodeHeapSize                   = 5839372                                {pd product} {ergonomic}
    uintx NonProfiledCodeHeapSize                  = 122909434                              {pd product} {ergonomic}
    uintx ProfiledCodeHeapSize                     = 122909434                              {pd product} {ergonomic}
    uintx ReservedCodeCacheSize                    = 251658240                              {pd product} {ergonomic}
     bool SegmentedCodeCache                       = true                                      {product} {ergonomic}
   size_t SoftMaxHeapSize                          = 6383730688                             {manageable} {ergonomic}
     bool UseCompressedClassPointers               = true                           {product lp64_product} {ergonomic}
     bool UseCompressedOops                        = true                           {product lp64_product} {ergonomic}
     bool UseG1GC                                  = true                                      {product} {ergonomic}
     bool UseLargePagesIndividualAllocation        = false                                  {pd product} {ergonomic}

Logging:
Log output configuration:
 #0: stdout all=warning uptime,level,tags
 #1: stderr all=off uptime,level,tags

Environment Variables:
JAVA_HOME=C:\Program Files\Java\jdk-17
PATH=C:\Python312\Scripts\;C:\Python312\;C:\Program Files\nodejs;C:\Python310\Scripts\;C:\Python310\;C:\Windows\system32;C:\Windows;C:\Windows\System32\Wbem;C:\Windows\System32\WindowsPowerShell\v1.0\;C:\Windows\System32\OpenSSH\;C:\Program Files\Microsoft VS Code\bin;C:\ProgramData\chocolatey\bin;C:\Windows\System32\node_modules\.bin;C:\Users\user\AppData\Roaming;C:\Program Files\Java\jdk-17\bin;C:\apache-maven-3.8.6\bin;C:\Program Files\Docker\Docker\resources\bin;C:\Program Files\nodejs\;C:\Program Files\MySQL\MySQL Server 8.3\bin;C:\Users\user\AppData\Local\Microsoft\WindowsApps;C:\Users\user\AppData\Local\Programs\Git\cmd;C:\Users\user\AppData\Roaming\npm
USERNAME=user
OS=Windows_NT
PROCESSOR_IDENTIFIER=Intel64 Family 6 Model 42 Stepping 7, GenuineIntel



---------------  S Y S T E M  ---------------

OS:
 Windows 10 , 64 bit Build 19041 (10.0.19041.3636)
OS uptime: 24 days 19:11 hours
Hyper-V role detected

CPU: total 8 (initial active 8) (4 cores per cpu, 2 threads per core) family 6 model 42 stepping 7 microcode 0x2f, cx8, cmov, fxsr, ht, mmx, sse, sse2, sse3, ssse3, sse4.1, sse4.2, popcnt, tsc, tscinvbit, avx, aes, clmul, vzeroupper, clflush, hv

Memory: 4k page, system-wide physical 24351M (4463M free)
TotalPageFile size 24351M (AvailPageFile size 3M)
current process WorkingSet (physical memory assigned to process): 129M, peak: 129M
current process commit charge ("private bytes"): 527M, peak: 527M

vm_info: Java HotSpot(TM) 64-Bit Server VM (17.0.9+11-LTS-201) for windows-amd64 JRE (17.0.9+11-LTS-201), built on Oct 10 2023 23:16:06 by "mach5one" with MS VC++ 17.1 (VS2022)

END.
